2018.12.21 20:19:44 INFO  ce[][o.s.p.ProcessEntryPoint] Starting ce
2018.12.21 20:19:44 INFO  ce[][o.s.ce.app.CeServer] Compute Engine starting up...
2018.12.21 20:19:45 INFO  ce[][o.s.c.e.CoreExtensionsLoader] Loaded core extensions: 
2018.12.21 20:19:46 INFO  ce[][o.e.p.PluginsService] no modules loaded
2018.12.21 20:19:46 INFO  ce[][o.e.p.PluginsService] loaded plugin [org.elasticsearch.join.ParentJoinPlugin]
2018.12.21 20:19:46 INFO  ce[][o.e.p.PluginsService] loaded plugin [org.elasticsearch.percolator.PercolatorPlugin]
2018.12.21 20:19:46 INFO  ce[][o.e.p.PluginsService] loaded plugin [org.elasticsearch.transport.Netty4Plugin]
2018.12.21 20:19:49 INFO  ce[][o.s.s.e.EsClientProvider] Connected to local Elasticsearch: [127.0.0.1:9001]
2018.12.21 20:19:49 INFO  ce[][o.sonar.db.Database] Create JDBC data source for jdbc:postgresql://db:5432/sonar
2018.12.21 20:19:51 INFO  ce[][o.s.s.p.ServerFileSystemImpl] SonarQube home: /opt/sonarqube
2018.12.21 20:19:52 INFO  ce[][o.s.c.c.CePluginRepository] Load plugins
2018.12.21 20:19:52 INFO  ce[][o.s.c.c.ComputeEngineContainerImpl] Running Community edition
2018.12.21 20:19:52 INFO  ce[][o.s.c.q.PurgeCeActivities] Delete the Compute Engine tasks created before 1529871592965
2018.12.21 20:19:53 INFO  ce[][o.s.c.q.PurgeCeActivities] Delete the Scanner contexts tasks created before 1543004393021
2018.12.21 20:19:53 INFO  ce[][o.s.ce.app.CeServer] Compute Engine is operational
2018.12.21 20:21:35 INFO  ce[][o.s.p.ProcessEntryPoint] Starting ce
2018.12.21 20:21:35 INFO  ce[][o.s.ce.app.CeServer] Compute Engine starting up...
2018.12.21 20:21:36 INFO  ce[][o.s.c.e.CoreExtensionsLoader] Loaded core extensions: 
2018.12.21 20:21:37 INFO  ce[][o.e.p.PluginsService] no modules loaded
2018.12.21 20:21:37 INFO  ce[][o.e.p.PluginsService] loaded plugin [org.elasticsearch.join.ParentJoinPlugin]
2018.12.21 20:21:37 INFO  ce[][o.e.p.PluginsService] loaded plugin [org.elasticsearch.percolator.PercolatorPlugin]
2018.12.21 20:21:37 INFO  ce[][o.e.p.PluginsService] loaded plugin [org.elasticsearch.transport.Netty4Plugin]
2018.12.21 20:21:40 INFO  ce[][o.s.s.e.EsClientProvider] Connected to local Elasticsearch: [127.0.0.1:9001]
2018.12.21 20:21:40 INFO  ce[][o.sonar.db.Database] Create JDBC data source for jdbc:postgresql://db:5432/sonar
2018.12.21 20:21:42 INFO  ce[][o.s.s.p.ServerFileSystemImpl] SonarQube home: /opt/sonarqube
2018.12.21 20:21:42 INFO  ce[][o.s.c.c.CePluginRepository] Load plugins
2018.12.21 20:21:43 INFO  ce[][o.s.c.c.ComputeEngineContainerImpl] Running Community edition
2018.12.21 20:21:43 INFO  ce[][o.s.c.q.PurgeCeActivities] Delete the Compute Engine tasks created before 1529871703457
2018.12.21 20:21:43 INFO  ce[][o.s.c.q.PurgeCeActivities] Delete the Scanner contexts tasks created before 1543004503479
2018.12.21 20:21:43 INFO  ce[][o.s.ce.app.CeServer] Compute Engine is operational
2018.12.21 21:08:34 INFO  ce[][o.s.p.ProcessEntryPoint] Starting ce
2018.12.21 21:08:34 INFO  ce[][o.s.ce.app.CeServer] Compute Engine starting up...
2018.12.21 21:08:35 INFO  ce[][o.s.c.e.CoreExtensionsLoader] Loaded core extensions: 
2018.12.21 21:08:36 INFO  ce[][o.e.p.PluginsService] no modules loaded
2018.12.21 21:08:36 INFO  ce[][o.e.p.PluginsService] loaded plugin [org.elasticsearch.join.ParentJoinPlugin]
2018.12.21 21:08:36 INFO  ce[][o.e.p.PluginsService] loaded plugin [org.elasticsearch.percolator.PercolatorPlugin]
2018.12.21 21:08:36 INFO  ce[][o.e.p.PluginsService] loaded plugin [org.elasticsearch.transport.Netty4Plugin]
2018.12.21 21:08:41 INFO  ce[][o.s.s.e.EsClientProvider] Connected to local Elasticsearch: [127.0.0.1:9001]
2018.12.21 21:08:41 INFO  ce[][o.sonar.db.Database] Create JDBC data source for jdbc:postgresql://db:5432/sonar
2018.12.21 21:08:44 INFO  ce[][o.s.s.p.ServerFileSystemImpl] SonarQube home: /opt/sonarqube
2018.12.21 21:08:45 INFO  ce[][o.s.c.c.CePluginRepository] Load plugins
2018.12.21 21:08:46 INFO  ce[][o.s.c.c.ComputeEngineContainerImpl] Running Community edition
2018.12.21 21:08:46 INFO  ce[][o.s.c.q.PurgeCeActivities] Delete the Compute Engine tasks created before 1529874526311
2018.12.21 21:08:46 INFO  ce[][o.s.c.q.PurgeCeActivities] Delete the Scanner contexts tasks created before 1543007326346
2018.12.21 21:08:46 INFO  ce[][o.s.ce.app.CeServer] Compute Engine is operational
