2018.12.21 20:18:38 INFO  es[][o.e.n.Node] initializing ...
2018.12.21 20:18:39 INFO  es[][o.e.e.NodeEnvironment] using [1] data paths, mounts [[/opt/sonarqube/data (osxfs)]], net usable_space [181.6gb], net total_space [465.6gb], spins? [possibly], types [fuse.osxfs]
2018.12.21 20:18:39 INFO  es[][o.e.e.NodeEnvironment] heap size [494.9mb], compressed ordinary object pointers [true]
2018.12.21 20:18:39 INFO  es[][o.e.n.Node] node name [sonarqube], node ID [sRFO2bzpQs6lLvlcvD6M9w]
2018.12.21 20:18:39 INFO  es[][o.e.n.Node] version[5.6.3], pid[24], build[1a2f265/2017-10-06T20:33:39.012Z], OS[Linux/4.9.93-linuxkit-aufs/amd64], JVM[Oracle Corporation/OpenJDK 64-Bit Server VM/1.8.0_181/25.181-b13]
2018.12.21 20:18:39 INFO  es[][o.e.n.Node] JVM arguments [-XX:+UseConcMarkSweepGC, -XX:CMSInitiatingOccupancyFraction=75, -XX:+UseCMSInitiatingOccupancyOnly, -XX:+AlwaysPreTouch, -Xss1m, -Djava.awt.headless=true, -Dfile.encoding=UTF-8, -Djna.nosys=true, -Djdk.io.permissionsUseCanonicalPath=true, -Dio.netty.noUnsafe=true, -Dio.netty.noKeySetOptimization=true, -Dio.netty.recycler.maxCapacityPerThread=0, -Dlog4j.shutdownHookEnabled=false, -Dlog4j2.disable.jmx=true, -Dlog4j.skipJansi=true, -Xms512m, -Xmx512m, -XX:+HeapDumpOnOutOfMemoryError, -Des.path.home=/opt/sonarqube/elasticsearch]
2018.12.21 20:18:40 INFO  es[][o.e.p.PluginsService] loaded module [aggs-matrix-stats]
2018.12.21 20:18:40 INFO  es[][o.e.p.PluginsService] loaded module [ingest-common]
2018.12.21 20:18:40 INFO  es[][o.e.p.PluginsService] loaded module [parent-join]
2018.12.21 20:18:40 INFO  es[][o.e.p.PluginsService] loaded module [percolator]
2018.12.21 20:18:40 INFO  es[][o.e.p.PluginsService] loaded module [reindex]
2018.12.21 20:18:40 INFO  es[][o.e.p.PluginsService] loaded module [transport-netty4]
2018.12.21 20:18:40 INFO  es[][o.e.p.PluginsService] no plugins loaded
2018.12.21 20:18:45 INFO  es[][o.e.d.DiscoveryModule] using discovery type [zen]
2018.12.21 20:18:46 INFO  es[][o.e.n.Node] initialized
2018.12.21 20:18:46 INFO  es[][o.e.n.Node] starting ...
2018.12.21 20:18:46 INFO  es[][o.e.t.TransportService] publish_address {127.0.0.1:9001}, bound_addresses {127.0.0.1:9001}
2018.12.21 20:18:49 INFO  es[][o.e.c.s.ClusterService] new_master {sonarqube}{sRFO2bzpQs6lLvlcvD6M9w}{s51k3diERNawZuDnphXtdA}{127.0.0.1}{127.0.0.1:9001}{rack_id=sonarqube}, reason: zen-disco-elected-as-master ([0] nodes joined)
2018.12.21 20:18:49 INFO  es[][o.e.n.Node] started
2018.12.21 20:18:49 INFO  es[][o.e.g.GatewayService] recovered [0] indices into cluster_state
2018.12.21 20:19:03 INFO  es[][o.e.c.m.MetaDataCreateIndexService] [metadatas] creating index, cause [api], templates [], shards [1]/[0], mappings []
2018.12.21 20:19:04 INFO  es[][o.e.c.r.a.AllocationService] Cluster health status changed from [YELLOW] to [GREEN] (reason: [shards started [[metadatas][0]] ...]).
2018.12.21 20:19:04 INFO  es[][o.e.c.m.MetaDataMappingService] [metadatas/xkBo4k9oR9KEoim0OnaoGw] create_mapping [metadata]
2018.12.21 20:19:06 INFO  es[][o.e.c.m.MetaDataCreateIndexService] [components] creating index, cause [api], templates [], shards [5]/[0], mappings []
2018.12.21 20:19:07 INFO  es[][o.e.c.r.a.AllocationService] Cluster health status changed from [YELLOW] to [GREEN] (reason: [shards started [[components][4]] ...]).
2018.12.21 20:19:07 INFO  es[][o.e.c.m.MetaDataMappingService] [components/HvI6A9WGRruNkjK3MqabMA] create_mapping [component]
2018.12.21 20:19:07 INFO  es[][o.e.c.m.MetaDataMappingService] [components/HvI6A9WGRruNkjK3MqabMA] create_mapping [authorization]
2018.12.21 20:19:08 INFO  es[][o.e.c.m.MetaDataCreateIndexService] [tests] creating index, cause [api], templates [], shards [5]/[0], mappings []
2018.12.21 20:19:09 INFO  es[][o.e.c.r.a.AllocationService] Cluster health status changed from [YELLOW] to [GREEN] (reason: [shards started [[tests][4]] ...]).
2018.12.21 20:19:09 INFO  es[][o.e.c.m.MetaDataMappingService] [tests/ig2rOTctRA-ssw3be98Shw] create_mapping [test]
2018.12.21 20:19:09 INFO  es[][o.e.c.m.MetaDataCreateIndexService] [projectmeasures] creating index, cause [api], templates [], shards [5]/[0], mappings []
2018.12.21 20:19:10 INFO  es[][o.e.c.r.a.AllocationService] Cluster health status changed from [YELLOW] to [GREEN] (reason: [shards started [[projectmeasures][4]] ...]).
2018.12.21 20:19:10 INFO  es[][o.e.c.m.MetaDataMappingService] [projectmeasures/3fac1_P3SCec2qQPyLus1Q] create_mapping [projectmeasure]
2018.12.21 20:19:10 INFO  es[][o.e.c.m.MetaDataMappingService] [projectmeasures/3fac1_P3SCec2qQPyLus1Q] create_mapping [authorization]
2018.12.21 20:19:12 INFO  es[][o.e.c.m.MetaDataCreateIndexService] [rules] creating index, cause [api], templates [], shards [2]/[0], mappings []
2018.12.21 20:19:12 INFO  es[][o.e.c.r.a.AllocationService] Cluster health status changed from [YELLOW] to [GREEN] (reason: [shards started [[rules][0]] ...]).
2018.12.21 20:19:12 INFO  es[][o.e.c.m.MetaDataMappingService] [rules/9d3Tl7_gQJqyLag-4VwzOA] create_mapping [activeRule]
2018.12.21 20:19:12 INFO  es[][o.e.c.m.MetaDataMappingService] [rules/9d3Tl7_gQJqyLag-4VwzOA] create_mapping [ruleExtension]
2018.12.21 20:19:12 INFO  es[][o.e.c.m.MetaDataMappingService] [rules/9d3Tl7_gQJqyLag-4VwzOA] create_mapping [rule]
2018.12.21 20:19:13 INFO  es[][o.e.c.m.MetaDataCreateIndexService] [issues] creating index, cause [api], templates [], shards [5]/[0], mappings []
2018.12.21 20:19:13 INFO  es[][o.e.c.r.a.AllocationService] Cluster health status changed from [YELLOW] to [GREEN] (reason: [shards started [[issues][4]] ...]).
2018.12.21 20:19:13 INFO  es[][o.e.c.m.MetaDataMappingService] [issues/CrIH2uP7Qg6ZAWCze7L6Lg] create_mapping [issue]
2018.12.21 20:19:14 INFO  es[][o.e.c.m.MetaDataMappingService] [issues/CrIH2uP7Qg6ZAWCze7L6Lg] create_mapping [authorization]
2018.12.21 20:19:14 INFO  es[][o.e.c.m.MetaDataCreateIndexService] [users] creating index, cause [api], templates [], shards [1]/[0], mappings []
2018.12.21 20:19:14 INFO  es[][o.e.c.r.a.AllocationService] Cluster health status changed from [YELLOW] to [GREEN] (reason: [shards started [[users][0]] ...]).
2018.12.21 20:19:14 INFO  es[][o.e.c.m.MetaDataMappingService] [users/K_VRjX3DRky5795zaFAm2Q] create_mapping [user]
2018.12.21 20:19:15 INFO  es[][o.e.c.m.MetaDataCreateIndexService] [views] creating index, cause [api], templates [], shards [5]/[0], mappings []
2018.12.21 20:19:16 INFO  es[][o.e.c.r.a.AllocationService] Cluster health status changed from [YELLOW] to [GREEN] (reason: [shards started [[views][4]] ...]).
2018.12.21 20:19:16 INFO  es[][o.e.c.m.MetaDataMappingService] [views/Vn-sV4MRQoSSb2OA4lT5kA] create_mapping [view]
2018.12.21 20:19:30 INFO  es[][o.e.c.s.IndexScopedSettings] updating [index.refresh_interval] from [30s] to [-1]
2018.12.21 20:19:30 INFO  es[][o.e.c.s.IndexScopedSettings] updating [index.refresh_interval] from [30s] to [-1]
2018.12.21 20:19:31 INFO  es[][o.e.c.s.IndexScopedSettings] updating [index.refresh_interval] from [-1] to [30s]
2018.12.21 20:19:31 INFO  es[][o.e.c.s.IndexScopedSettings] updating [index.refresh_interval] from [-1] to [30s]
2018.12.21 20:19:35 INFO  es[][o.e.c.s.IndexScopedSettings] updating [index.refresh_interval] from [30s] to [-1]
2018.12.21 20:19:35 INFO  es[][o.e.c.s.IndexScopedSettings] updating [index.refresh_interval] from [30s] to [-1]
2018.12.21 20:19:35 INFO  es[][o.e.c.s.IndexScopedSettings] updating [index.refresh_interval] from [-1] to [30s]
2018.12.21 20:19:35 INFO  es[][o.e.c.s.IndexScopedSettings] updating [index.refresh_interval] from [-1] to [30s]
2018.12.21 20:20:50 INFO  es[][o.e.n.Node] initializing ...
2018.12.21 20:20:50 INFO  es[][o.e.e.NodeEnvironment] using [1] data paths, mounts [[/opt/sonarqube/data (osxfs)]], net usable_space [181.6gb], net total_space [465.6gb], spins? [possibly], types [fuse.osxfs]
2018.12.21 20:20:50 INFO  es[][o.e.e.NodeEnvironment] heap size [494.9mb], compressed ordinary object pointers [true]
2018.12.21 20:20:52 INFO  es[][o.e.n.Node] node name [sonarqube], node ID [sRFO2bzpQs6lLvlcvD6M9w]
2018.12.21 20:20:52 INFO  es[][o.e.n.Node] version[5.6.3], pid[24], build[1a2f265/2017-10-06T20:33:39.012Z], OS[Linux/4.9.93-linuxkit-aufs/amd64], JVM[Oracle Corporation/OpenJDK 64-Bit Server VM/1.8.0_181/25.181-b13]
2018.12.21 20:20:52 INFO  es[][o.e.n.Node] JVM arguments [-XX:+UseConcMarkSweepGC, -XX:CMSInitiatingOccupancyFraction=75, -XX:+UseCMSInitiatingOccupancyOnly, -XX:+AlwaysPreTouch, -Xss1m, -Djava.awt.headless=true, -Dfile.encoding=UTF-8, -Djna.nosys=true, -Djdk.io.permissionsUseCanonicalPath=true, -Dio.netty.noUnsafe=true, -Dio.netty.noKeySetOptimization=true, -Dio.netty.recycler.maxCapacityPerThread=0, -Dlog4j.shutdownHookEnabled=false, -Dlog4j2.disable.jmx=true, -Dlog4j.skipJansi=true, -Xms512m, -Xmx512m, -XX:+HeapDumpOnOutOfMemoryError, -Des.path.home=/opt/sonarqube/elasticsearch]
2018.12.21 20:20:53 INFO  es[][o.e.p.PluginsService] loaded module [aggs-matrix-stats]
2018.12.21 20:20:53 INFO  es[][o.e.p.PluginsService] loaded module [ingest-common]
2018.12.21 20:20:53 INFO  es[][o.e.p.PluginsService] loaded module [parent-join]
2018.12.21 20:20:53 INFO  es[][o.e.p.PluginsService] loaded module [percolator]
2018.12.21 20:20:53 INFO  es[][o.e.p.PluginsService] loaded module [reindex]
2018.12.21 20:20:53 INFO  es[][o.e.p.PluginsService] loaded module [transport-netty4]
2018.12.21 20:20:53 INFO  es[][o.e.p.PluginsService] no plugins loaded
2018.12.21 20:20:57 INFO  es[][o.e.d.DiscoveryModule] using discovery type [zen]
2018.12.21 20:20:59 INFO  es[][o.e.n.Node] initialized
2018.12.21 20:20:59 INFO  es[][o.e.n.Node] starting ...
2018.12.21 20:20:59 INFO  es[][o.e.t.TransportService] publish_address {127.0.0.1:9001}, bound_addresses {127.0.0.1:9001}
2018.12.21 20:21:02 INFO  es[][o.e.c.s.ClusterService] new_master {sonarqube}{sRFO2bzpQs6lLvlcvD6M9w}{12NYYWiLTn60aDb8CG43Hg}{127.0.0.1}{127.0.0.1:9001}{rack_id=sonarqube}, reason: zen-disco-elected-as-master ([0] nodes joined)
2018.12.21 20:21:02 INFO  es[][o.e.n.Node] started
2018.12.21 20:21:04 INFO  es[][o.e.g.GatewayService] recovered [8] indices into cluster_state
2018.12.21 20:21:10 INFO  es[][o.e.c.r.a.AllocationService] Cluster health status changed from [RED] to [GREEN] (reason: [shards started [[metadatas][0]] ...]).
2018.12.21 20:21:25 INFO  es[][o.e.c.m.MetaDataDeleteIndexService] [users/K_VRjX3DRky5795zaFAm2Q] deleting index
2018.12.21 20:21:31 INFO  es[][o.e.c.m.MetaDataCreateIndexService] [users] creating index, cause [api], templates [], shards [1]/[0], mappings []
2018.12.21 20:21:31 INFO  es[][o.e.c.r.a.AllocationService] Cluster health status changed from [YELLOW] to [GREEN] (reason: [shards started [[users][0]] ...]).
2018.12.21 20:21:31 INFO  es[][o.e.c.m.MetaDataMappingService] [users/YbiR_ZgGTBu5SlSBuCmRTw] create_mapping [user]
2018.12.21 20:21:32 INFO  es[][o.e.c.s.IndexScopedSettings] updating [index.refresh_interval] from [30s] to [-1]
2018.12.21 20:21:32 INFO  es[][o.e.c.s.IndexScopedSettings] updating [index.refresh_interval] from [30s] to [-1]
2018.12.21 20:21:33 INFO  es[][o.e.c.s.IndexScopedSettings] updating [index.refresh_interval] from [-1] to [30s]
2018.12.21 20:21:33 INFO  es[][o.e.c.s.IndexScopedSettings] updating [index.refresh_interval] from [-1] to [30s]
2018.12.21 21:07:32 INFO  es[][o.e.n.Node] initializing ...
2018.12.21 21:07:33 INFO  es[][o.e.e.NodeEnvironment] using [1] data paths, mounts [[/opt/sonarqube/data (osxfs)]], net usable_space [181.3gb], net total_space [465.6gb], spins? [possibly], types [fuse.osxfs]
2018.12.21 21:07:33 INFO  es[][o.e.e.NodeEnvironment] heap size [494.9mb], compressed ordinary object pointers [true]
2018.12.21 21:07:36 INFO  es[][o.e.n.Node] node name [sonarqube], node ID [sRFO2bzpQs6lLvlcvD6M9w]
2018.12.21 21:07:36 INFO  es[][o.e.n.Node] version[5.6.3], pid[24], build[1a2f265/2017-10-06T20:33:39.012Z], OS[Linux/4.9.93-linuxkit-aufs/amd64], JVM[Oracle Corporation/OpenJDK 64-Bit Server VM/1.8.0_181/25.181-b13]
2018.12.21 21:07:36 INFO  es[][o.e.n.Node] JVM arguments [-XX:+UseConcMarkSweepGC, -XX:CMSInitiatingOccupancyFraction=75, -XX:+UseCMSInitiatingOccupancyOnly, -XX:+AlwaysPreTouch, -Xss1m, -Djava.awt.headless=true, -Dfile.encoding=UTF-8, -Djna.nosys=true, -Djdk.io.permissionsUseCanonicalPath=true, -Dio.netty.noUnsafe=true, -Dio.netty.noKeySetOptimization=true, -Dio.netty.recycler.maxCapacityPerThread=0, -Dlog4j.shutdownHookEnabled=false, -Dlog4j2.disable.jmx=true, -Dlog4j.skipJansi=true, -Xms512m, -Xmx512m, -XX:+HeapDumpOnOutOfMemoryError, -Des.path.home=/opt/sonarqube/elasticsearch]
2018.12.21 21:07:37 INFO  es[][o.e.p.PluginsService] loaded module [aggs-matrix-stats]
2018.12.21 21:07:37 INFO  es[][o.e.p.PluginsService] loaded module [ingest-common]
2018.12.21 21:07:37 INFO  es[][o.e.p.PluginsService] loaded module [parent-join]
2018.12.21 21:07:37 INFO  es[][o.e.p.PluginsService] loaded module [percolator]
2018.12.21 21:07:37 INFO  es[][o.e.p.PluginsService] loaded module [reindex]
2018.12.21 21:07:37 INFO  es[][o.e.p.PluginsService] loaded module [transport-netty4]
2018.12.21 21:07:37 INFO  es[][o.e.p.PluginsService] no plugins loaded
2018.12.21 21:07:43 INFO  es[][o.e.d.DiscoveryModule] using discovery type [zen]
2018.12.21 21:07:45 INFO  es[][o.e.n.Node] initialized
2018.12.21 21:07:45 INFO  es[][o.e.n.Node] starting ...
2018.12.21 21:07:46 INFO  es[][o.e.t.TransportService] publish_address {127.0.0.1:9001}, bound_addresses {127.0.0.1:9001}
2018.12.21 21:07:49 INFO  es[][o.e.c.s.ClusterService] new_master {sonarqube}{sRFO2bzpQs6lLvlcvD6M9w}{3R55inSiQQSHlpyU-004OQ}{127.0.0.1}{127.0.0.1:9001}{rack_id=sonarqube}, reason: zen-disco-elected-as-master ([0] nodes joined)
2018.12.21 21:07:49 INFO  es[][o.e.n.Node] started
2018.12.21 21:07:52 INFO  es[][o.e.g.GatewayService] recovered [8] indices into cluster_state
2018.12.21 21:08:09 INFO  es[][o.e.c.r.a.AllocationService] Cluster health status changed from [RED] to [GREEN] (reason: [shards started [[metadatas][0]] ...]).
