2018.12.18 13:36:50 INFO  es[][o.e.n.Node] initializing ...
2018.12.18 13:36:50 INFO  es[][o.e.e.NodeEnvironment] using [1] data paths, mounts [[/opt/sonarqube/data (osxfs)]], net usable_space [184.1gb], net total_space [465.6gb], spins? [possibly], types [fuse.osxfs]
2018.12.18 13:36:50 INFO  es[][o.e.e.NodeEnvironment] heap size [494.9mb], compressed ordinary object pointers [true]
2018.12.18 13:36:50 INFO  es[][o.e.n.Node] node name [sonarqube], node ID [t8_qItoESimcBm1U6w2S8g]
2018.12.18 13:36:50 INFO  es[][o.e.n.Node] version[5.6.3], pid[24], build[1a2f265/2017-10-06T20:33:39.012Z], OS[Linux/4.9.93-linuxkit-aufs/amd64], JVM[Oracle Corporation/OpenJDK 64-Bit Server VM/1.8.0_181/25.181-b13]
2018.12.18 13:36:50 INFO  es[][o.e.n.Node] JVM arguments [-XX:+UseConcMarkSweepGC, -XX:CMSInitiatingOccupancyFraction=75, -XX:+UseCMSInitiatingOccupancyOnly, -XX:+AlwaysPreTouch, -Xss1m, -Djava.awt.headless=true, -Dfile.encoding=UTF-8, -Djna.nosys=true, -Djdk.io.permissionsUseCanonicalPath=true, -Dio.netty.noUnsafe=true, -Dio.netty.noKeySetOptimization=true, -Dio.netty.recycler.maxCapacityPerThread=0, -Dlog4j.shutdownHookEnabled=false, -Dlog4j2.disable.jmx=true, -Dlog4j.skipJansi=true, -Xms512m, -Xmx512m, -XX:+HeapDumpOnOutOfMemoryError, -Des.path.home=/opt/sonarqube/elasticsearch]
2018.12.18 13:36:51 INFO  es[][o.e.p.PluginsService] loaded module [aggs-matrix-stats]
2018.12.18 13:36:51 INFO  es[][o.e.p.PluginsService] loaded module [ingest-common]
2018.12.18 13:36:51 INFO  es[][o.e.p.PluginsService] loaded module [parent-join]
2018.12.18 13:36:51 INFO  es[][o.e.p.PluginsService] loaded module [percolator]
2018.12.18 13:36:51 INFO  es[][o.e.p.PluginsService] loaded module [reindex]
2018.12.18 13:36:51 INFO  es[][o.e.p.PluginsService] loaded module [transport-netty4]
2018.12.18 13:36:51 INFO  es[][o.e.p.PluginsService] no plugins loaded
2018.12.18 13:36:54 INFO  es[][o.e.d.DiscoveryModule] using discovery type [zen]
2018.12.18 13:36:55 INFO  es[][o.e.n.Node] initialized
2018.12.18 13:36:55 INFO  es[][o.e.n.Node] starting ...
2018.12.18 13:36:56 INFO  es[][o.e.t.TransportService] publish_address {127.0.0.1:9001}, bound_addresses {127.0.0.1:9001}
2018.12.18 13:36:59 INFO  es[][o.e.c.s.ClusterService] new_master {sonarqube}{t8_qItoESimcBm1U6w2S8g}{QL0KPu8cRhy_uTfNIYXZ1Q}{127.0.0.1}{127.0.0.1:9001}{rack_id=sonarqube}, reason: zen-disco-elected-as-master ([0] nodes joined)
2018.12.18 13:36:59 INFO  es[][o.e.n.Node] started
2018.12.18 13:36:59 INFO  es[][o.e.g.GatewayService] recovered [0] indices into cluster_state
2018.12.18 13:37:08 INFO  es[][o.e.n.Node] stopping ...
2018.12.18 13:37:08 INFO  es[][o.e.n.Node] stopped
2018.12.18 13:37:08 INFO  es[][o.e.n.Node] closing ...
2018.12.18 13:37:08 INFO  es[][o.e.n.Node] closed
2018.12.18 13:41:35 INFO  es[][o.e.n.Node] initializing ...
2018.12.18 13:41:36 INFO  es[][o.e.e.NodeEnvironment] using [1] data paths, mounts [[/opt/sonarqube/data (osxfs)]], net usable_space [184.1gb], net total_space [465.6gb], spins? [possibly], types [fuse.osxfs]
2018.12.18 13:41:36 INFO  es[][o.e.e.NodeEnvironment] heap size [494.9mb], compressed ordinary object pointers [true]
2018.12.18 13:41:36 INFO  es[][o.e.n.Node] node name [sonarqube], node ID [t8_qItoESimcBm1U6w2S8g]
2018.12.18 13:41:36 INFO  es[][o.e.n.Node] version[5.6.3], pid[24], build[1a2f265/2017-10-06T20:33:39.012Z], OS[Linux/4.9.93-linuxkit-aufs/amd64], JVM[Oracle Corporation/OpenJDK 64-Bit Server VM/1.8.0_181/25.181-b13]
2018.12.18 13:41:36 INFO  es[][o.e.n.Node] JVM arguments [-XX:+UseConcMarkSweepGC, -XX:CMSInitiatingOccupancyFraction=75, -XX:+UseCMSInitiatingOccupancyOnly, -XX:+AlwaysPreTouch, -Xss1m, -Djava.awt.headless=true, -Dfile.encoding=UTF-8, -Djna.nosys=true, -Djdk.io.permissionsUseCanonicalPath=true, -Dio.netty.noUnsafe=true, -Dio.netty.noKeySetOptimization=true, -Dio.netty.recycler.maxCapacityPerThread=0, -Dlog4j.shutdownHookEnabled=false, -Dlog4j2.disable.jmx=true, -Dlog4j.skipJansi=true, -Xms512m, -Xmx512m, -XX:+HeapDumpOnOutOfMemoryError, -Des.path.home=/opt/sonarqube/elasticsearch]
2018.12.18 13:41:36 INFO  es[][o.e.p.PluginsService] loaded module [aggs-matrix-stats]
2018.12.18 13:41:36 INFO  es[][o.e.p.PluginsService] loaded module [ingest-common]
2018.12.18 13:41:36 INFO  es[][o.e.p.PluginsService] loaded module [parent-join]
2018.12.18 13:41:36 INFO  es[][o.e.p.PluginsService] loaded module [percolator]
2018.12.18 13:41:36 INFO  es[][o.e.p.PluginsService] loaded module [reindex]
2018.12.18 13:41:36 INFO  es[][o.e.p.PluginsService] loaded module [transport-netty4]
2018.12.18 13:41:36 INFO  es[][o.e.p.PluginsService] no plugins loaded
2018.12.18 13:41:40 INFO  es[][o.e.d.DiscoveryModule] using discovery type [zen]
2018.12.18 13:41:41 INFO  es[][o.e.n.Node] initialized
2018.12.18 13:41:41 INFO  es[][o.e.n.Node] starting ...
2018.12.18 13:41:41 INFO  es[][o.e.t.TransportService] publish_address {127.0.0.1:9001}, bound_addresses {127.0.0.1:9001}
2018.12.18 13:41:45 INFO  es[][o.e.c.s.ClusterService] new_master {sonarqube}{t8_qItoESimcBm1U6w2S8g}{IlRti0u0SlWBMEeK4MUk1g}{127.0.0.1}{127.0.0.1:9001}{rack_id=sonarqube}, reason: zen-disco-elected-as-master ([0] nodes joined)
2018.12.18 13:41:45 INFO  es[][o.e.n.Node] started
2018.12.18 13:41:45 INFO  es[][o.e.g.GatewayService] recovered [0] indices into cluster_state
2018.12.18 13:41:54 INFO  es[][o.e.n.Node] stopping ...
2018.12.18 13:41:54 INFO  es[][o.e.n.Node] stopped
2018.12.18 13:41:54 INFO  es[][o.e.n.Node] closing ...
2018.12.18 13:41:54 INFO  es[][o.e.n.Node] closed
