2018.12.19 13:44:54 INFO  app[][o.s.a.AppFileSystem] Cleaning or creating temp directory /opt/sonarqube/temp
2018.12.19 13:44:54 INFO  app[][o.s.a.es.EsSettings] Elasticsearch listening on /127.0.0.1:9001
2018.12.19 13:44:54 INFO  app[][o.s.a.p.ProcessLauncherImpl] Launch process[[key='es', ipcIndex=1, logFilenamePrefix=es]] from [/opt/sonarqube/elasticsearch]: /opt/sonarqube/elasticsearch/bin/elasticsearch -Epath.conf=/opt/sonarqube/temp/conf/es
2018.12.19 13:44:54 INFO  app[][o.s.a.SchedulerImpl] Waiting for Elasticsearch to be up and running
2018.12.19 13:44:55 INFO  app[][o.e.p.PluginsService] no modules loaded
2018.12.19 13:44:55 INFO  app[][o.e.p.PluginsService] loaded plugin [org.elasticsearch.transport.Netty4Plugin]
2018.12.19 13:45:10 INFO  app[][o.s.a.SchedulerImpl] Process[es] is up
2018.12.19 13:45:10 INFO  app[][o.s.a.p.ProcessLauncherImpl] Launch process[[key='web', ipcIndex=2, logFilenamePrefix=web]] from [/opt/sonarqube]: /usr/lib/jvm/java-8-openjdk-amd64/jre/bin/java -Djava.awt.headless=true -Dfile.encoding=UTF-8 -Djava.io.tmpdir=/opt/sonarqube/temp -Xmx512m -Xms128m -XX:+HeapDumpOnOutOfMemoryError -Djava.security.egd=file:/dev/./urandom -cp ./lib/common/*:/opt/sonarqube/lib/jdbc/postgresql/postgresql-42.2.5.jar org.sonar.server.app.WebServer /opt/sonarqube/temp/sq-process3947219610822549622properties
2018.12.19 13:45:19 INFO  app[][o.s.a.SchedulerImpl] Process [web] is stopped
2018.12.19 13:45:19 INFO  app[][o.s.a.SchedulerImpl] Process [es] is stopped
2018.12.19 13:45:19 INFO  app[][o.s.a.SchedulerImpl] SonarQube is stopped
2018.12.19 13:45:19 WARN  app[][o.s.a.p.AbstractProcessMonitor] Process exited with exit value [es]: 143
2018.12.19 13:46:41 INFO  app[][o.s.a.AppFileSystem] Cleaning or creating temp directory /opt/sonarqube/temp
2018.12.19 13:46:41 INFO  app[][o.s.a.es.EsSettings] Elasticsearch listening on /127.0.0.1:9001
2018.12.19 13:46:41 INFO  app[][o.s.a.p.ProcessLauncherImpl] Launch process[[key='es', ipcIndex=1, logFilenamePrefix=es]] from [/opt/sonarqube/elasticsearch]: /opt/sonarqube/elasticsearch/bin/elasticsearch -Epath.conf=/opt/sonarqube/temp/conf/es
2018.12.19 13:46:41 INFO  app[][o.s.a.SchedulerImpl] Waiting for Elasticsearch to be up and running
2018.12.19 13:46:42 INFO  app[][o.e.p.PluginsService] no modules loaded
2018.12.19 13:46:42 INFO  app[][o.e.p.PluginsService] loaded plugin [org.elasticsearch.transport.Netty4Plugin]
2018.12.19 13:46:55 INFO  app[][o.s.a.SchedulerImpl] Process[es] is up
2018.12.19 13:46:55 INFO  app[][o.s.a.p.ProcessLauncherImpl] Launch process[[key='web', ipcIndex=2, logFilenamePrefix=web]] from [/opt/sonarqube]: /usr/lib/jvm/java-8-openjdk-amd64/jre/bin/java -Djava.awt.headless=true -Dfile.encoding=UTF-8 -Djava.io.tmpdir=/opt/sonarqube/temp -Xmx512m -Xms128m -XX:+HeapDumpOnOutOfMemoryError -Djava.security.egd=file:/dev/./urandom -cp ./lib/common/*:/opt/sonarqube/lib/jdbc/postgresql/postgresql-42.2.5.jar org.sonar.server.app.WebServer /opt/sonarqube/temp/sq-process6217960058193451474properties
2018.12.19 13:47:04 INFO  app[][o.s.a.SchedulerImpl] Process [web] is stopped
2018.12.19 13:47:04 INFO  app[][o.s.a.SchedulerImpl] Process [es] is stopped
2018.12.19 13:47:04 WARN  app[][o.s.a.p.AbstractProcessMonitor] Process exited with exit value [es]: 143
2018.12.19 13:47:04 INFO  app[][o.s.a.SchedulerImpl] SonarQube is stopped
2018.12.19 13:47:44 INFO  app[][o.s.a.AppFileSystem] Cleaning or creating temp directory /opt/sonarqube/temp
2018.12.19 13:47:44 INFO  app[][o.s.a.es.EsSettings] Elasticsearch listening on /127.0.0.1:9001
2018.12.19 13:47:44 INFO  app[][o.s.a.p.ProcessLauncherImpl] Launch process[[key='es', ipcIndex=1, logFilenamePrefix=es]] from [/opt/sonarqube/elasticsearch]: /opt/sonarqube/elasticsearch/bin/elasticsearch -Epath.conf=/opt/sonarqube/temp/conf/es
2018.12.19 13:47:45 INFO  app[][o.s.a.SchedulerImpl] Waiting for Elasticsearch to be up and running
2018.12.19 13:47:45 INFO  app[][o.e.p.PluginsService] no modules loaded
2018.12.19 13:47:45 INFO  app[][o.e.p.PluginsService] loaded plugin [org.elasticsearch.transport.Netty4Plugin]
2018.12.19 13:47:59 INFO  app[][o.s.a.SchedulerImpl] Process[es] is up
2018.12.19 13:47:59 INFO  app[][o.s.a.p.ProcessLauncherImpl] Launch process[[key='web', ipcIndex=2, logFilenamePrefix=web]] from [/opt/sonarqube]: /usr/lib/jvm/java-8-openjdk-amd64/jre/bin/java -Djava.awt.headless=true -Dfile.encoding=UTF-8 -Djava.io.tmpdir=/opt/sonarqube/temp -Xmx512m -Xms128m -XX:+HeapDumpOnOutOfMemoryError -Djava.security.egd=file:/dev/./urandom -cp ./lib/common/*:/opt/sonarqube/lib/jdbc/postgresql/postgresql-42.2.5.jar org.sonar.server.app.WebServer /opt/sonarqube/temp/sq-process8635400666961785162properties
2018.12.19 13:48:07 INFO  app[][o.s.a.SchedulerImpl] Process [web] is stopped
2018.12.19 13:48:07 INFO  app[][o.s.a.SchedulerImpl] Process [es] is stopped
2018.12.19 13:48:07 WARN  app[][o.s.a.p.AbstractProcessMonitor] Process exited with exit value [es]: 143
2018.12.19 13:48:07 INFO  app[][o.s.a.SchedulerImpl] SonarQube is stopped
2018.12.19 13:49:59 INFO  app[][o.s.a.AppFileSystem] Cleaning or creating temp directory /opt/sonarqube/temp
2018.12.19 13:49:59 INFO  app[][o.s.a.es.EsSettings] Elasticsearch listening on /127.0.0.1:9001
2018.12.19 13:49:59 INFO  app[][o.s.a.p.ProcessLauncherImpl] Launch process[[key='es', ipcIndex=1, logFilenamePrefix=es]] from [/opt/sonarqube/elasticsearch]: /opt/sonarqube/elasticsearch/bin/elasticsearch -Epath.conf=/opt/sonarqube/temp/conf/es
2018.12.19 13:49:59 INFO  app[][o.s.a.SchedulerImpl] Waiting for Elasticsearch to be up and running
2018.12.19 13:50:00 INFO  app[][o.e.p.PluginsService] no modules loaded
2018.12.19 13:50:00 INFO  app[][o.e.p.PluginsService] loaded plugin [org.elasticsearch.transport.Netty4Plugin]
2018.12.19 13:50:14 INFO  app[][o.s.a.SchedulerImpl] Process[es] is up
2018.12.19 13:50:14 INFO  app[][o.s.a.p.ProcessLauncherImpl] Launch process[[key='web', ipcIndex=2, logFilenamePrefix=web]] from [/opt/sonarqube]: /usr/lib/jvm/java-8-openjdk-amd64/jre/bin/java -Djava.awt.headless=true -Dfile.encoding=UTF-8 -Djava.io.tmpdir=/opt/sonarqube/temp -Xmx512m -Xms128m -XX:+HeapDumpOnOutOfMemoryError -Djava.security.egd=file:/dev/./urandom -cp ./lib/common/*:/opt/sonarqube/lib/jdbc/postgresql/postgresql-42.2.5.jar org.sonar.server.app.WebServer /opt/sonarqube/temp/sq-process5836895127826184495properties
2018.12.19 13:50:22 INFO  app[][o.s.a.SchedulerImpl] Process [web] is stopped
2018.12.19 13:50:22 INFO  app[][o.s.a.SchedulerImpl] Process [es] is stopped
2018.12.19 13:50:22 INFO  app[][o.s.a.SchedulerImpl] SonarQube is stopped
2018.12.19 13:50:22 WARN  app[][o.s.a.p.AbstractProcessMonitor] Process exited with exit value [es]: 143
