2018.12.18 13:36:46 INFO  app[][o.s.a.AppFileSystem] Cleaning or creating temp directory /opt/sonarqube/temp
2018.12.18 13:36:46 INFO  app[][o.s.a.es.EsSettings] Elasticsearch listening on /127.0.0.1:9001
2018.12.18 13:36:46 INFO  app[][o.s.a.p.ProcessLauncherImpl] Launch process[[key='es', ipcIndex=1, logFilenamePrefix=es]] from [/opt/sonarqube/elasticsearch]: /opt/sonarqube/elasticsearch/bin/elasticsearch -Epath.conf=/opt/sonarqube/temp/conf/es
2018.12.18 13:36:46 INFO  app[][o.s.a.SchedulerImpl] Waiting for Elasticsearch to be up and running
2018.12.18 13:36:47 INFO  app[][o.e.p.PluginsService] no modules loaded
2018.12.18 13:36:47 INFO  app[][o.e.p.PluginsService] loaded plugin [org.elasticsearch.transport.Netty4Plugin]
2018.12.18 13:37:00 INFO  app[][o.s.a.SchedulerImpl] Process[es] is up
2018.12.18 13:37:00 INFO  app[][o.s.a.p.ProcessLauncherImpl] Launch process[[key='web', ipcIndex=2, logFilenamePrefix=web]] from [/opt/sonarqube]: /usr/lib/jvm/java-8-openjdk-amd64/jre/bin/java -Djava.awt.headless=true -Dfile.encoding=UTF-8 -Djava.io.tmpdir=/opt/sonarqube/temp -Xmx512m -Xms128m -XX:+HeapDumpOnOutOfMemoryError -Djava.security.egd=file:/dev/./urandom -cp ./lib/common/*:/opt/sonarqube/lib/jdbc/postgresql/postgresql-42.2.5.jar org.sonar.server.app.WebServer /opt/sonarqube/temp/sq-process7540087465250844666properties
2018.12.18 13:37:08 INFO  app[][o.s.a.SchedulerImpl] Process [web] is stopped
2018.12.18 13:37:08 INFO  app[][o.s.a.SchedulerImpl] Process [es] is stopped
2018.12.18 13:37:08 WARN  app[][o.s.a.p.AbstractProcessMonitor] Process exited with exit value [es]: 143
2018.12.18 13:37:08 INFO  app[][o.s.a.SchedulerImpl] SonarQube is stopped
2018.12.18 13:41:32 INFO  app[][o.s.a.AppFileSystem] Cleaning or creating temp directory /opt/sonarqube/temp
2018.12.18 13:41:32 INFO  app[][o.s.a.es.EsSettings] Elasticsearch listening on /127.0.0.1:9001
2018.12.18 13:41:32 INFO  app[][o.s.a.p.ProcessLauncherImpl] Launch process[[key='es', ipcIndex=1, logFilenamePrefix=es]] from [/opt/sonarqube/elasticsearch]: /opt/sonarqube/elasticsearch/bin/elasticsearch -Epath.conf=/opt/sonarqube/temp/conf/es
2018.12.18 13:41:32 INFO  app[][o.s.a.SchedulerImpl] Waiting for Elasticsearch to be up and running
2018.12.18 13:41:33 INFO  app[][o.e.p.PluginsService] no modules loaded
2018.12.18 13:41:33 INFO  app[][o.e.p.PluginsService] loaded plugin [org.elasticsearch.transport.Netty4Plugin]
2018.12.18 13:41:46 INFO  app[][o.s.a.SchedulerImpl] Process[es] is up
2018.12.18 13:41:46 INFO  app[][o.s.a.p.ProcessLauncherImpl] Launch process[[key='web', ipcIndex=2, logFilenamePrefix=web]] from [/opt/sonarqube]: /usr/lib/jvm/java-8-openjdk-amd64/jre/bin/java -Djava.awt.headless=true -Dfile.encoding=UTF-8 -Djava.io.tmpdir=/opt/sonarqube/temp -Xmx512m -Xms128m -XX:+HeapDumpOnOutOfMemoryError -Djava.security.egd=file:/dev/./urandom -cp ./lib/common/*:/opt/sonarqube/lib/jdbc/postgresql/postgresql-42.2.5.jar org.sonar.server.app.WebServer /opt/sonarqube/temp/sq-process5790516670236586023properties
2018.12.18 13:41:54 INFO  app[][o.s.a.SchedulerImpl] Process [web] is stopped
2018.12.18 13:41:55 INFO  app[][o.s.a.SchedulerImpl] Process [es] is stopped
2018.12.18 13:41:55 WARN  app[][o.s.a.p.AbstractProcessMonitor] Process exited with exit value [es]: 143
2018.12.18 13:41:55 INFO  app[][o.s.a.SchedulerImpl] SonarQube is stopped
