2018.12.26 13:01:10 INFO  web[][o.s.p.ProcessEntryPoint] Starting web
2018.12.26 13:01:11 INFO  web[][o.a.t.u.n.NioSelectorPool] Using a shared selector for servlet write/read
2018.12.26 13:01:12 INFO  web[][o.s.c.e.CoreExtensionsLoader] Loaded core extensions: 
2018.12.26 13:01:14 INFO  web[][o.e.p.PluginsService] no modules loaded
2018.12.26 13:01:14 INFO  web[][o.e.p.PluginsService] loaded plugin [org.elasticsearch.join.ParentJoinPlugin]
2018.12.26 13:01:14 INFO  web[][o.e.p.PluginsService] loaded plugin [org.elasticsearch.percolator.PercolatorPlugin]
2018.12.26 13:01:14 INFO  web[][o.e.p.PluginsService] loaded plugin [org.elasticsearch.transport.Netty4Plugin]
2018.12.26 13:01:18 INFO  web[][o.s.s.e.EsClientProvider] Connected to local Elasticsearch: [127.0.0.1:9001]
2018.12.26 13:01:18 INFO  web[][o.s.s.p.LogServerVersion] SonarQube Server / 7.4.0.18908 / a4d0983e8057356b19996995343296311fbcc2ed
2018.12.26 13:01:18 INFO  web[][o.sonar.db.Database] Create JDBC data source for jdbc:postgresql://db:5432/s74
2018.12.26 13:01:20 INFO  web[][o.s.s.p.ServerFileSystemImpl] SonarQube home: /opt/sonarqube
2018.12.26 13:01:20 INFO  web[][o.s.s.u.SystemPasscodeImpl] System authentication by passcode is disabled
2018.12.26 13:01:20 INFO  web[][o.s.s.p.d.m.h.MigrationHistoryTableImpl] Creating table schema_migrations
2018.12.26 13:01:21 INFO  web[][o.s.s.p.d.m.c.PostgresCharsetHandler] Verify that database charset supports UTF8
2018.12.26 13:01:21 INFO  web[][o.s.s.p.d.m.AutoDbMigration] Automatically perform DB migration on fresh install
2018.12.26 13:01:21 INFO  web[][DbMigrations] Executing DB migrations...
2018.12.26 13:01:21 INFO  web[][DbMigrations] #1 'Create initial schema'...
2018.12.26 13:01:22 INFO  web[][DbMigrations] #1 'Create initial schema': success | time=1297ms
2018.12.26 13:01:22 INFO  web[][DbMigrations] #2 'Populate initial schema'...
2018.12.26 13:01:23 INFO  web[][DbMigrations] #2 'Populate initial schema': success | time=115ms
2018.12.26 13:01:23 INFO  web[][DbMigrations] #1153 'Populate columns USERS.EXTERNAL_IDENTITY_*'...
2018.12.26 13:01:23 INFO  web[][o.s.s.p.d.m.s.MassUpdate] 0 users processed (0 items/sec)
2018.12.26 13:01:23 INFO  web[][DbMigrations] #1153 'Populate columns USERS.EXTERNAL_IDENTITY_*': success | time=23ms
2018.12.26 13:01:23 INFO  web[][DbMigrations] #1200 'Create table PERM_TPL_CHARACTERISTICS'...
2018.12.26 13:01:23 INFO  web[][DbMigrations] #1200 'Create table PERM_TPL_CHARACTERISTICS': success | time=24ms
2018.12.26 13:01:23 INFO  web[][DbMigrations] #1205 'Drop index resource_index_rid from RESOURCE_INDEX'...
2018.12.26 13:01:23 INFO  web[][DbMigrations] #1205 'Drop index resource_index_rid from RESOURCE_INDEX': success | time=11ms
2018.12.26 13:01:23 INFO  web[][DbMigrations] #1207 'Drop unused columns on PROJECT_MEASURES'...
2018.12.26 13:01:23 INFO  web[][DbMigrations] #1207 'Drop unused columns on PROJECT_MEASURES': success | time=16ms
2018.12.26 13:01:23 INFO  web[][DbMigrations] #1208 'Add columns SNAPSHOTS.*COMPONENT_UUID'...
2018.12.26 13:01:23 INFO  web[][DbMigrations] #1208 'Add columns SNAPSHOTS.*COMPONENT_UUID': success | time=26ms
2018.12.26 13:01:23 INFO  web[][DbMigrations] #1209 'Populate column SNAPSHOTS.*COMPONENT_UUID'...
2018.12.26 13:01:23 INFO  web[][DbMigrations] #1209 'Populate column SNAPSHOTS.*COMPONENT_UUID': success | time=28ms
2018.12.26 13:01:23 INFO  web[][DbMigrations] #1210 'Create temporary indices for migration 1211'...
2018.12.26 13:01:23 INFO  web[][DbMigrations] #1210 'Create temporary indices for migration 1211': success | time=31ms
2018.12.26 13:01:23 INFO  web[][DbMigrations] #1211 'Clean orphan rows in SNAPSHOTS'...
2018.12.26 13:01:23 INFO  web[][o.s.s.p.d.m.s.MassUpdate] 0 snapshots processed (0 items/sec)
2018.12.26 13:01:23 INFO  web[][DbMigrations] #1211 'Clean orphan rows in SNAPSHOTS': success | time=24ms
2018.12.26 13:01:23 INFO  web[][DbMigrations] #1212 'Drop temporary indices for migration 1211'...
2018.12.26 13:01:23 INFO  web[][DbMigrations] #1212 'Drop temporary indices for migration 1211': success | time=20ms
2018.12.26 13:01:23 INFO  web[][DbMigrations] #1213 'Make column SNAPSHOTS.UUID not nullable'...
2018.12.26 13:01:23 INFO  web[][DbMigrations] #1213 'Make column SNAPSHOTS.UUID not nullable': success | time=27ms
2018.12.26 13:01:23 INFO  web[][DbMigrations] #1214 'Drop columns SNAPSHOTS.SNAPSHOT_*_ID'...
2018.12.26 13:01:23 INFO  web[][DbMigrations] #1214 'Drop columns SNAPSHOTS.SNAPSHOT_*_ID': success | time=18ms
2018.12.26 13:01:23 INFO  web[][DbMigrations] #1215 'Drop columns SNAPSHOTS.*_ID'...
2018.12.26 13:01:23 INFO  web[][DbMigrations] #1215 'Drop columns SNAPSHOTS.*_ID': success | time=26ms
2018.12.26 13:01:23 INFO  web[][DbMigrations] #1216 'Add column PROJECT_MEASURES.COMPONENT_UUID'...
2018.12.26 13:01:23 INFO  web[][DbMigrations] #1216 'Add column PROJECT_MEASURES.COMPONENT_UUID': success | time=15ms
2018.12.26 13:01:23 INFO  web[][DbMigrations] #1217 'Populate column PROJECT_MEASURES.COMPONENT_UUID'...
2018.12.26 13:01:23 INFO  web[][o.s.s.p.d.m.s.MassUpdate] 0 measures processed (0 items/sec)
2018.12.26 13:01:23 INFO  web[][DbMigrations] #1217 'Populate column PROJECT_MEASURES.COMPONENT_UUID': success | time=29ms
2018.12.26 13:01:23 INFO  web[][DbMigrations] #1218 'Delete orphan measures without component'...
2018.12.26 13:01:23 INFO  web[][o.s.s.p.d.m.s.MassUpdate] 0 measures processed (0 items/sec)
2018.12.26 13:01:23 INFO  web[][DbMigrations] #1218 'Delete orphan measures without component': success | time=47ms
2018.12.26 13:01:23 INFO  web[][DbMigrations] #1219 'Make column PROJECT_MEASURES.COMPONENT_UUID not nullable'...
2018.12.26 13:01:23 INFO  web[][DbMigrations] #1219 'Make column PROJECT_MEASURES.COMPONENT_UUID not nullable': success | time=11ms
2018.12.26 13:01:23 INFO  web[][DbMigrations] #1220 'Drop column PROJECT_MEASURES.PROJECT_ID'...
2018.12.26 13:01:23 INFO  web[][DbMigrations] #1220 'Drop column PROJECT_MEASURES.PROJECT_ID': success | time=12ms
2018.12.26 13:01:23 INFO  web[][DbMigrations] #1221 'Add index measures_component_uuid'...
2018.12.26 13:01:23 INFO  web[][DbMigrations] #1221 'Add index measures_component_uuid': success | time=15ms
2018.12.26 13:01:23 INFO  web[][DbMigrations] #1222 'Drop columns USERS.REMEMBER_TOKEN_*'...
2018.12.26 13:01:23 INFO  web[][DbMigrations] #1222 'Drop columns USERS.REMEMBER_TOKEN_*': success | time=12ms
2018.12.26 13:01:23 INFO  web[][DbMigrations] #1223 'Clean orphan rows and fix incorrect data in table PROJECTS'...
2018.12.26 13:01:23 INFO  web[][o.s.s.p.d.m.s.MassUpdate] 0 developers with incorrect project_uuid processed (0 items/sec)
2018.12.26 13:01:23 INFO  web[][o.s.s.p.d.m.s.MassUpdate] 0 snapshots with inconsistent scope or qualifier processed (0 items/sec)
2018.12.26 13:01:23 INFO  web[][o.s.s.p.d.m.s.MassUpdate] 0 usurper root components processed (0 items/sec)
2018.12.26 13:01:23 INFO  web[][o.s.s.p.d.m.s.MassUpdate] 0 snapshots with incorrect root processed (0 items/sec)
2018.12.26 13:01:23 INFO  web[][DbMigrations] #1223 'Clean orphan rows and fix incorrect data in table PROJECTS': success | time=53ms
2018.12.26 13:01:23 INFO  web[][DbMigrations] #1224 'Add columns PROJECTS.*_UUID'...
2018.12.26 13:01:23 INFO  web[][DbMigrations] #1224 'Add columns PROJECTS.*_UUID': success | time=13ms
2018.12.26 13:01:23 INFO  web[][DbMigrations] #1225 'Populate columns PROJECTS.*_UUID'...
2018.12.26 13:01:23 INFO  web[][DbMigrations] #1225 'Populate columns PROJECTS.*_UUID': success | time=22ms
2018.12.26 13:01:23 INFO  web[][DbMigrations] #1226 'Clean orphan rows in table PROJECTS'...
2018.12.26 13:01:23 INFO  web[][o.s.s.p.d.m.s.MassUpdate] 0 orphan projects processed (0 items/sec)
2018.12.26 13:01:23 INFO  web[][DbMigrations] #1226 'Clean orphan rows in table PROJECTS': success | time=22ms
2018.12.26 13:01:23 INFO  web[][DbMigrations] #1227 'Drop index projects_uuid'...
2018.12.26 13:01:23 INFO  web[][DbMigrations] #1227 'Drop index projects_uuid': success | time=9ms
2018.12.26 13:01:23 INFO  web[][DbMigrations] #1228 'Make columns PROJECTS.*_UUID not nullable'...
2018.12.26 13:01:23 INFO  web[][DbMigrations] #1228 'Make columns PROJECTS.*_UUID not nullable': success | time=18ms
2018.12.26 13:01:23 INFO  web[][DbMigrations] #1229 'Recreate index projects_uuid'...
2018.12.26 13:01:23 INFO  web[][DbMigrations] #1229 'Recreate index projects_uuid': success | time=10ms
2018.12.26 13:01:23 INFO  web[][DbMigrations] #1230 'Drop index projects_root_id'...
2018.12.26 13:01:23 INFO  web[][DbMigrations] #1230 'Drop index projects_root_id': success | time=10ms
2018.12.26 13:01:23 INFO  web[][DbMigrations] #1231 'Drop columns PROJECTS.*_ID'...
2018.12.26 13:01:23 INFO  web[][DbMigrations] #1231 'Drop columns PROJECTS.*_ID': success | time=11ms
2018.12.26 13:01:23 INFO  web[][DbMigrations] #1232 'Add column SNAPSHOTS.UUID'...
2018.12.26 13:01:23 INFO  web[][DbMigrations] #1232 'Add column SNAPSHOTS.UUID': success | time=12ms
2018.12.26 13:01:23 INFO  web[][DbMigrations] #1233 'Populate column SNAPSHOTS.UUID'...
2018.12.26 13:01:23 INFO  web[][o.s.s.p.d.m.s.MassUpdate] 0 snapshots processed (0 items/sec)
2018.12.26 13:01:23 INFO  web[][DbMigrations] #1233 'Populate column SNAPSHOTS.UUID': success | time=34ms
2018.12.26 13:01:23 INFO  web[][DbMigrations] #1234 'Make column SNAPSHOTS.UUID not nullable'...
2018.12.26 13:01:23 INFO  web[][DbMigrations] #1234 'Make column SNAPSHOTS.UUID not nullable': success | time=10ms
2018.12.26 13:01:23 INFO  web[][DbMigrations] #1235 'Add unique index analyses_uuid'...
2018.12.26 13:01:23 INFO  web[][DbMigrations] #1235 'Add unique index analyses_uuid': success | time=11ms
2018.12.26 13:01:23 INFO  web[][DbMigrations] #1236 'Add column CE_ACTIVITY.ANALYSIS_UUID'...
2018.12.26 13:01:23 INFO  web[][DbMigrations] #1236 'Add column CE_ACTIVITY.ANALYSIS_UUID': success | time=8ms
2018.12.26 13:01:23 INFO  web[][DbMigrations] #1237 'Populate column CE_ACTIVITY.ANALYSIS_UUID'...
2018.12.26 13:01:23 INFO  web[][o.s.s.p.d.m.s.MassUpdate] 0 ce_activity processed (0 items/sec)
2018.12.26 13:01:23 INFO  web[][DbMigrations] #1237 'Populate column CE_ACTIVITY.ANALYSIS_UUID': success | time=18ms
2018.12.26 13:01:23 INFO  web[][DbMigrations] #1238 'Drop column CE_ACTIVITY.SNAPSHOT_ID'...
2018.12.26 13:01:23 INFO  web[][DbMigrations] #1238 'Drop column CE_ACTIVITY.SNAPSHOT_ID': success | time=8ms
2018.12.26 13:01:23 INFO  web[][DbMigrations] #1239 'Add columns DUPLICATION_INDEX.*_UUID'...
2018.12.26 13:01:23 INFO  web[][DbMigrations] #1239 'Add columns DUPLICATION_INDEX.*_UUID': success | time=8ms
2018.12.26 13:01:23 INFO  web[][DbMigrations] #1240 'Populate columns DUPLICATION_INDEX.*_UUID'...
2018.12.26 13:01:23 INFO  web[][o.s.s.p.d.m.s.MassUpdate] 0 component uuid of duplications_index entries processed (0 items/sec)
2018.12.26 13:01:23 INFO  web[][o.s.s.p.d.m.s.MassUpdate] 0 analysis uuid of duplications_index entries processed (0 items/sec)
2018.12.26 13:01:23 INFO  web[][DbMigrations] #1240 'Populate columns DUPLICATION_INDEX.*_UUID': success | time=22ms
2018.12.26 13:01:23 INFO  web[][DbMigrations] #1241 'Clean orphan rows in table DUPLICATION_INDEX'...
2018.12.26 13:01:23 INFO  web[][o.s.s.p.d.m.s.MassUpdate] 0 duplications index rows without component processed (0 items/sec)
2018.12.26 13:01:23 INFO  web[][o.s.s.p.d.m.s.MassUpdate] 0 duplications index rows without analysis processed (0 items/sec)
2018.12.26 13:01:23 INFO  web[][DbMigrations] #1241 'Clean orphan rows in table DUPLICATION_INDEX': success | time=25ms
2018.12.26 13:01:23 INFO  web[][DbMigrations] #1242 'Make columns DUPLICATION_INDEX.*_UUID not nullable'...
2018.12.26 13:01:23 INFO  web[][DbMigrations] #1242 'Make columns DUPLICATION_INDEX.*_UUID not nullable': success | time=20ms
2018.12.26 13:01:23 INFO  web[][DbMigrations] #1243 'Drop index duplications_index_sid'...
2018.12.26 13:01:23 INFO  web[][DbMigrations] #1243 'Drop index duplications_index_sid': success | time=10ms
2018.12.26 13:01:23 INFO  web[][DbMigrations] #1244 'Drop columns DUPLICATION_INDEX.*SNAPSHOT_ID'...
2018.12.26 13:01:24 INFO  web[][DbMigrations] #1244 'Drop columns DUPLICATION_INDEX.*SNAPSHOT_ID': success | time=9ms
2018.12.26 13:01:24 INFO  web[][DbMigrations] #1246 'Add column RULES_PROFILES.LAST_USED'...
2018.12.26 13:01:24 INFO  web[][DbMigrations] #1246 'Add column RULES_PROFILES.LAST_USED': success | time=9ms
2018.12.26 13:01:24 INFO  web[][DbMigrations] #1247 'Populate column RULES_PROFILES.LAST_USED'...
2018.12.26 13:01:24 INFO  web[][DbMigrations] #1247 'Populate column RULES_PROFILES.LAST_USED': success | time=13ms
2018.12.26 13:01:24 INFO  web[][DbMigrations] #1248 'Add column EVENTS.ANALYSIS_UUID'...
2018.12.26 13:01:24 INFO  web[][DbMigrations] #1248 'Add column EVENTS.ANALYSIS_UUID': success | time=12ms
2018.12.26 13:01:24 INFO  web[][DbMigrations] #1249 'Populate column EVENTS.ANALYSIS_UUID'...
2018.12.26 13:01:24 INFO  web[][o.s.s.p.d.m.s.MassUpdate] 0 analysis uuid of root component events processed (0 items/sec)
2018.12.26 13:01:24 INFO  web[][DbMigrations] #1249 'Populate column EVENTS.ANALYSIS_UUID': success | time=23ms
2018.12.26 13:01:24 INFO  web[][DbMigrations] #1250 'Clean events without analysis_uuid'...
2018.12.26 13:01:24 INFO  web[][o.s.s.p.d.m.s.MassUpdate] 0 no analysis uuid events processed (0 items/sec)
2018.12.26 13:01:24 INFO  web[][DbMigrations] #1250 'Clean events without analysis_uuid': success | time=18ms
2018.12.26 13:01:24 INFO  web[][DbMigrations] #1251 'Clean events without snapshot_id'...
2018.12.26 13:01:24 INFO  web[][o.s.s.p.d.m.s.MassUpdate] 0 no snapshot id events processed (0 items/sec)
2018.12.26 13:01:24 INFO  web[][DbMigrations] #1251 'Clean events without snapshot_id': success | time=14ms
2018.12.26 13:01:24 INFO  web[][DbMigrations] #1252 'Make column EVENTS.ANALYSIS_UUID not nullable'...
2018.12.26 13:01:24 INFO  web[][DbMigrations] #1252 'Make column EVENTS.ANALYSIS_UUID not nullable': success | time=19ms
2018.12.26 13:01:24 INFO  web[][DbMigrations] #1253 'Drop index events_snapshot_id'...
2018.12.26 13:01:24 INFO  web[][DbMigrations] #1253 'Drop index events_snapshot_id': success | time=25ms
2018.12.26 13:01:24 INFO  web[][DbMigrations] #1254 'Drop columns EVENTS.SNAPSHOT_ID'...
2018.12.26 13:01:24 INFO  web[][DbMigrations] #1254 'Drop columns EVENTS.SNAPSHOT_ID': success | time=11ms
2018.12.26 13:01:24 INFO  web[][DbMigrations] #1256 'Add column PROJECTS.UUID_PATH'...
2018.12.26 13:01:24 INFO  web[][DbMigrations] #1256 'Add column PROJECTS.UUID_PATH': success | time=6ms
2018.12.26 13:01:24 INFO  web[][DbMigrations] #1257 'Populate column PROJECTS.UUID_PATH'...
2018.12.26 13:01:24 INFO  web[][o.s.s.p.d.m.s.MassUpdate] 0 orphan components processed (0 items/sec)
2018.12.26 13:01:24 INFO  web[][DbMigrations] #1257 'Populate column PROJECTS.UUID_PATH': success | time=15ms
2018.12.26 13:01:24 INFO  web[][DbMigrations] #1258 'Make column PROJECTS.UUID_PATH not nullable'...
2018.12.26 13:01:24 INFO  web[][DbMigrations] #1258 'Make column PROJECTS.UUID_PATH not nullable': success | time=8ms
2018.12.26 13:01:24 INFO  web[][DbMigrations] #1259 'Remove password of non local users'...
2018.12.26 13:01:24 INFO  web[][o.s.s.p.d.m.s.MassUpdate] 0 none local users with password processed (0 items/sec)
2018.12.26 13:01:24 INFO  web[][DbMigrations] #1259 'Remove password of non local users': success | time=13ms
2018.12.26 13:01:24 INFO  web[][DbMigrations] #1260 'Add column ACTIVITIES.PROFILE_KEY'...
2018.12.26 13:01:24 INFO  web[][DbMigrations] #1260 'Add column ACTIVITIES.PROFILE_KEY': success | time=19ms
2018.12.26 13:01:24 INFO  web[][DbMigrations] #1261 'Populate column ACTIVITIES.PROFILE_KEY'...
2018.12.26 13:01:24 INFO  web[][o.s.s.p.d.m.s.MassUpdate] 0 activities processed (0 items/sec)
2018.12.26 13:01:24 INFO  web[][DbMigrations] #1261 'Populate column ACTIVITIES.PROFILE_KEY': success | time=13ms
2018.12.26 13:01:24 INFO  web[][DbMigrations] #1262 'Make column ACTIVITIES.PROFILE_KEY not nullable'...
2018.12.26 13:01:24 INFO  web[][DbMigrations] #1262 'Make column ACTIVITIES.PROFILE_KEY not nullable': success | time=9ms
2018.12.26 13:01:24 INFO  web[][DbMigrations] #1263 'Add column RULES_PROFILES.USER_UPDATED_AT'...
2018.12.26 13:01:24 INFO  web[][DbMigrations] #1263 'Add column RULES_PROFILES.USER_UPDATED_AT': success | time=9ms
2018.12.26 13:01:24 INFO  web[][DbMigrations] #1264 'Populate column RULES_PROFILES.USER_UPDATED_AT'...
2018.12.26 13:01:24 INFO  web[][o.s.s.p.d.m.s.MassUpdate] 0 quality profiles processed (0 items/sec)
2018.12.26 13:01:24 INFO  web[][DbMigrations] #1264 'Populate column RULES_PROFILES.USER_UPDATED_AT': success | time=19ms
2018.12.26 13:01:24 INFO  web[][DbMigrations] #1265 'Add column PROJECT_MEASURES.ANALYSIS_UUID'...
2018.12.26 13:01:24 INFO  web[][DbMigrations] #1265 'Add column PROJECT_MEASURES.ANALYSIS_UUID': success | time=9ms
2018.12.26 13:01:24 INFO  web[][DbMigrations] #1266 'Add index measures_analysis_metric'...
2018.12.26 13:01:24 INFO  web[][DbMigrations] #1266 'Add index measures_analysis_metric': success | time=14ms
2018.12.26 13:01:24 INFO  web[][DbMigrations] #1267 'Populate column PROJECT_MEASURES.ANALYSIS_UUID'...
2018.12.26 13:01:24 INFO  web[][o.s.s.p.d.m.s.MassUpdate] 0 measures processed (0 items/sec)
2018.12.26 13:01:24 INFO  web[][DbMigrations] #1267 'Populate column PROJECT_MEASURES.ANALYSIS_UUID': success | time=17ms
2018.12.26 13:01:24 INFO  web[][DbMigrations] #1268 'Clean orphan measures'...
2018.12.26 13:01:24 INFO  web[][o.s.s.p.d.m.s.MassUpdate] 0 measures processed (0 items/sec)
2018.12.26 13:01:24 INFO  web[][DbMigrations] #1268 'Clean orphan measures': success | time=11ms
2018.12.26 13:01:24 INFO  web[][DbMigrations] #1269 'Temporary drop of index measures_analysis_metric'...
2018.12.26 13:01:24 INFO  web[][DbMigrations] #1269 'Temporary drop of index measures_analysis_metric': success | time=9ms
2018.12.26 13:01:24 INFO  web[][DbMigrations] #1270 'Make column PROJECT_MEASURES.ANALYSIS_UUID not nullable'...
2018.12.26 13:01:24 INFO  web[][DbMigrations] #1270 'Make column PROJECT_MEASURES.ANALYSIS_UUID not nullable': success | time=9ms
2018.12.26 13:01:24 INFO  web[][DbMigrations] #1271 'Restore index measures_analysis_metric'...
2018.12.26 13:01:24 INFO  web[][DbMigrations] #1271 'Restore index measures_analysis_metric': success | time=13ms
2018.12.26 13:01:24 INFO  web[][DbMigrations] #1272 'Delete snapshots but the one of root components'...
2018.12.26 13:01:24 INFO  web[][o.s.s.p.d.m.s.MassUpdate] 0 snapshots processed (0 items/sec)
2018.12.26 13:01:24 INFO  web[][DbMigrations] #1272 'Delete snapshots but the one of root components': success | time=13ms
2018.12.26 13:01:24 INFO  web[][DbMigrations] #1273 'Drop indices on tree columns of table SNAPSHOTS'...
2018.12.26 13:01:24 INFO  web[][DbMigrations] #1273 'Drop indices on tree columns of table SNAPSHOTS': success | time=20ms
2018.12.26 13:01:24 INFO  web[][DbMigrations] #1274 'Drop tree columns of table SNAPSHOTS'...
2018.12.26 13:01:24 INFO  web[][DbMigrations] #1274 'Drop tree columns of table SNAPSHOTS': success | time=8ms
2018.12.26 13:01:24 INFO  web[][DbMigrations] #1275 'Drop index measures_sid_metric'...
2018.12.26 13:01:24 INFO  web[][DbMigrations] #1275 'Drop index measures_sid_metric': success | time=8ms
2018.12.26 13:01:24 INFO  web[][DbMigrations] #1276 'Drop column PROJECT_MEASURES.SNAPSHOT_ID'...
2018.12.26 13:01:24 INFO  web[][DbMigrations] #1276 'Drop column PROJECT_MEASURES.SNAPSHOT_ID': success | time=7ms
2018.12.26 13:01:24 INFO  web[][DbMigrations] #1277 'Add columns PROJECTS.B_*'...
2018.12.26 13:01:24 INFO  web[][DbMigrations] #1277 'Add columns PROJECTS.B_*': success | time=8ms
2018.12.26 13:01:24 INFO  web[][DbMigrations] #1300 'Delete project dashboards and widgets'...
2018.12.26 13:01:24 INFO  web[][o.s.s.p.d.m.s.MassUpdate] 0 delete widget properties of project dashboards processed (0 items/sec)
2018.12.26 13:01:24 INFO  web[][o.s.s.p.d.m.s.MassUpdate] 0 delete project dashboards processed (0 items/sec)
2018.12.26 13:01:24 INFO  web[][DbMigrations] #1300 'Delete project dashboards and widgets': success | time=21ms
2018.12.26 13:01:24 INFO  web[][DbMigrations] #1301 'Drop column DASHBOARDS.IS_GLOBAL'...
2018.12.26 13:01:24 INFO  web[][DbMigrations] #1301 'Drop column DASHBOARDS.IS_GLOBAL': success | time=9ms
2018.12.26 13:01:24 INFO  web[][DbMigrations] #1302 'Create table CE_TASK_INPUT'...
2018.12.26 13:01:24 INFO  web[][DbMigrations] #1302 'Create table CE_TASK_INPUT': success | time=21ms
2018.12.26 13:01:24 INFO  web[][DbMigrations] #1303 'Clear CE_QUEUE content'...
2018.12.26 13:01:24 INFO  web[][DbMigrations] #1303 'Clear CE_QUEUE content': success | time=8ms
2018.12.26 13:01:24 INFO  web[][DbMigrations] #1304 'Shrink column PROJECTS.MODULE_UUID_PATH'...
2018.12.26 13:01:24 INFO  web[][DbMigrations] #1304 'Shrink column PROJECTS.MODULE_UUID_PATH': success | time=72ms
2018.12.26 13:01:24 INFO  web[][DbMigrations] #1307 'Add columns CE_ACTIVITY.ERROR_*'...
2018.12.26 13:01:24 INFO  web[][DbMigrations] #1307 'Add columns CE_ACTIVITY.ERROR_*': success | time=15ms
2018.12.26 13:01:24 INFO  web[][DbMigrations] #1309 'Create table CE_SCANNER_CONTEXT'...
2018.12.26 13:01:24 INFO  web[][DbMigrations] #1309 'Create table CE_SCANNER_CONTEXT': success | time=18ms
2018.12.26 13:01:24 INFO  web[][DbMigrations] #1310 'Create table INTERNAL_PROPERTIES'...
2018.12.26 13:01:24 INFO  web[][DbMigrations] #1310 'Create table INTERNAL_PROPERTIES': success | time=14ms
2018.12.26 13:01:24 INFO  web[][DbMigrations] #1311 'Move views config from PROPERTIES to INTERNAL_PROPERTIES'...
2018.12.26 13:01:24 INFO  web[][DbMigrations] #1311 'Move views config from PROPERTIES to INTERNAL_PROPERTIES': success | time=14ms
2018.12.26 13:01:24 INFO  web[][DbMigrations] #1312 'Create table PROPERTIES2'...
2018.12.26 13:01:24 INFO  web[][DbMigrations] #1312 'Create table PROPERTIES2': success | time=35ms
2018.12.26 13:01:24 INFO  web[][DbMigrations] #1313 'Populate table PROPERTIES2'...
2018.12.26 13:01:24 INFO  web[][o.s.s.p.d.m.s.MassUpdate] 0 copy data from table properties into table properties2 processed (0 items/sec)
2018.12.26 13:01:24 INFO  web[][DbMigrations] #1313 'Populate table PROPERTIES2': success | time=13ms
2018.12.26 13:01:24 INFO  web[][DbMigrations] #1314 'Drop table PROPERTIES'...
2018.12.26 13:01:24 INFO  web[][DbMigrations] #1314 'Drop table PROPERTIES': success | time=14ms
2018.12.26 13:01:24 INFO  web[][DbMigrations] #1315 'Rename table PROPERTIES2 to PROPERTIES'...
2018.12.26 13:01:24 INFO  web[][DbMigrations] #1315 'Rename table PROPERTIES2 to PROPERTIES': success | time=29ms
2018.12.26 13:01:24 INFO  web[][DbMigrations] #1316 'Create table QPROFILE_CHANGES'...
2018.12.26 13:01:24 INFO  web[][DbMigrations] #1316 'Create table QPROFILE_CHANGES': success | time=17ms
2018.12.26 13:01:24 INFO  web[][DbMigrations] #1317 'Populate table QPROFILE_CHANGES'...
2018.12.26 13:01:24 INFO  web[][o.s.s.p.d.m.s.MassUpdate] 0 activities processed (0 items/sec)
2018.12.26 13:01:24 INFO  web[][DbMigrations] #1317 'Populate table QPROFILE_CHANGES': success | time=13ms
2018.12.26 13:01:24 INFO  web[][DbMigrations] #1318 'Drop table ACTIVITIES'...
2018.12.26 13:01:24 INFO  web[][DbMigrations] #1318 'Drop table ACTIVITIES': success | time=12ms
2018.12.26 13:01:24 INFO  web[][DbMigrations] #1319 'Create table RULE_REPOSITORIES'...
2018.12.26 13:01:24 INFO  web[][DbMigrations] #1319 'Create table RULE_REPOSITORIES': success | time=17ms
2018.12.26 13:01:24 INFO  web[][DbMigrations] #1400 'Create table ORGANIZATIONS'...
2018.12.26 13:01:24 INFO  web[][DbMigrations] #1400 'Create table ORGANIZATIONS': success | time=27ms
2018.12.26 13:01:24 INFO  web[][DbMigrations] #1401 'Create default organization'...
2018.12.26 13:01:24 INFO  web[][DbMigrations] #1401 'Create default organization': success | time=-7ms
2018.12.26 13:01:24 INFO  web[][DbMigrations] #1402 'Delete permission shareDashboard'...
2018.12.26 13:01:24 INFO  web[][o.s.s.p.d.m.s.MassUpdate] 1 group_roles processed (0 items/sec)
2018.12.26 13:01:24 INFO  web[][o.s.s.p.d.m.s.MassUpdate] 0 user_roles processed (0 items/sec)
2018.12.26 13:01:24 INFO  web[][DbMigrations] #1402 'Delete permission shareDashboard': success | time=43ms
2018.12.26 13:01:24 INFO  web[][DbMigrations] #1403 'Add column GROUPS.ORGANIZATION_UUID'...
2018.12.26 13:01:24 INFO  web[][DbMigrations] #1403 'Add column GROUPS.ORGANIZATION_UUID': success | time=57ms
2018.12.26 13:01:25 INFO  web[][DbMigrations] #1404 'Add column USERS.IS_ROOT'...
2018.12.26 13:01:25 INFO  web[][DbMigrations] #1404 'Add column USERS.IS_ROOT': success | time=13ms
2018.12.26 13:01:25 INFO  web[][DbMigrations] #1405 'Populate column USERS.IS_ROOT'...
2018.12.26 13:01:25 INFO  web[][o.s.s.p.d.m.s.MassUpdate] 1 Users with System Administer permission as root processed (0 items/sec)
2018.12.26 13:01:25 INFO  web[][DbMigrations] #1405 'Populate column USERS.IS_ROOT': success | time=40ms
2018.12.26 13:01:25 INFO  web[][DbMigrations] #1406 'Make column USERS.IS_ROOT not nullable'...
2018.12.26 13:01:25 INFO  web[][DbMigrations] #1406 'Make column USERS.IS_ROOT not nullable': success | time=6ms
2018.12.26 13:01:25 INFO  web[][DbMigrations] #1407 'Populate column GROUPS.ORGANIZATION_UUID'...
2018.12.26 13:01:25 INFO  web[][o.s.s.p.d.m.s.MassUpdate] 2 groups processed (0 items/sec)
2018.12.26 13:01:25 INFO  web[][DbMigrations] #1407 'Populate column GROUPS.ORGANIZATION_UUID': success | time=19ms
2018.12.26 13:01:25 INFO  web[][DbMigrations] #1408 'Make column GROUPS.ORGANIZATION_UUID not nullable'...
2018.12.26 13:01:25 INFO  web[][DbMigrations] #1408 'Make column GROUPS.ORGANIZATION_UUID not nullable': success | time=6ms
2018.12.26 13:01:25 INFO  web[][DbMigrations] #1409 'Add column USER_ROLES.ORGANIZATION_UUID'...
2018.12.26 13:01:25 INFO  web[][DbMigrations] #1409 'Add column USER_ROLES.ORGANIZATION_UUID': success | time=9ms
2018.12.26 13:01:25 INFO  web[][DbMigrations] #1410 'Populate column USER_ROLES.ORGANIZATION_UUID'...
2018.12.26 13:01:25 INFO  web[][o.s.s.p.d.m.s.MassUpdate] 0 user_roles processed (0 items/sec)
2018.12.26 13:01:25 INFO  web[][DbMigrations] #1410 'Populate column USER_ROLES.ORGANIZATION_UUID': success | time=17ms
2018.12.26 13:01:25 INFO  web[][DbMigrations] #1411 'Make column USER_ROLES.ORGANIZATION_UUID not nullable'...
2018.12.26 13:01:25 INFO  web[][DbMigrations] #1411 'Make column USER_ROLES.ORGANIZATION_UUID not nullable': success | time=16ms
2018.12.26 13:01:25 INFO  web[][DbMigrations] #1412 'Add column PERMISSION_TEMPLATES.ORGANIZATION_UUID'...
2018.12.26 13:01:25 INFO  web[][DbMigrations] #1412 'Add column PERMISSION_TEMPLATES.ORGANIZATION_UUID': success | time=14ms
2018.12.26 13:01:25 INFO  web[][DbMigrations] #1413 'Populate column PERMISSION_TEMPLATES.ORGANIZATION_UUID'...
2018.12.26 13:01:25 INFO  web[][o.s.s.p.d.m.s.MassUpdate] 0 permission_templates processed (0 items/sec)
2018.12.26 13:01:25 INFO  web[][DbMigrations] #1413 'Populate column PERMISSION_TEMPLATES.ORGANIZATION_UUID': success | time=21ms
2018.12.26 13:01:25 INFO  web[][DbMigrations] #1414 'Make column PERMISSION_TEMPLATES.ORGANIZATION_UUID not nullable'...
2018.12.26 13:01:25 INFO  web[][DbMigrations] #1414 'Make column PERMISSION_TEMPLATES.ORGANIZATION_UUID not nullable': success | time=12ms
2018.12.26 13:01:25 INFO  web[][DbMigrations] #1415 'Add column GROUP_ROLES.ORGANIZATION_UUID'...
2018.12.26 13:01:25 INFO  web[][DbMigrations] #1415 'Add column GROUP_ROLES.ORGANIZATION_UUID': success | time=8ms
2018.12.26 13:01:25 INFO  web[][DbMigrations] #1416 'Populate column GROUP_ROLES.ORGANIZATION_UUID'...
2018.12.26 13:01:25 INFO  web[][o.s.s.p.d.m.s.MassUpdate] 6 group_roles processed (0 items/sec)
2018.12.26 13:01:25 INFO  web[][DbMigrations] #1416 'Populate column GROUP_ROLES.ORGANIZATION_UUID': success | time=27ms
2018.12.26 13:01:25 INFO  web[][DbMigrations] #1417 'Make column GROUP_ROLES.ORGANIZATION_UUID not nullable'...
2018.12.26 13:01:25 INFO  web[][DbMigrations] #1417 'Make column GROUP_ROLES.ORGANIZATION_UUID not nullable': success | time=8ms
2018.12.26 13:01:25 INFO  web[][DbMigrations] #1418 'Add ORGANIZATION_UUID to index uniq_group_roles'...
2018.12.26 13:01:25 INFO  web[][DbMigrations] #1418 'Add ORGANIZATION_UUID to index uniq_group_roles': success | time=17ms
2018.12.26 13:01:25 INFO  web[][DbMigrations] #1419 'Update qualigate conditions on coverage'...
2018.12.26 13:01:25 INFO  web[][DbMigrations] #1419 'Update qualigate conditions on coverage': success | time=20ms
2018.12.26 13:01:25 INFO  web[][DbMigrations] #1420 'Drop tables related to dashboards'...
2018.12.26 13:01:25 INFO  web[][o.s.s.p.d.m.v.v.DropRelatedDashboardTables] Removing tables [widget_properties, widgets, active_dashboards, dashboards]
2018.12.26 13:01:25 INFO  web[][DbMigrations] #1420 'Drop tables related to dashboards': success | time=31ms
2018.12.26 13:01:25 INFO  web[][DbMigrations] #1421 'Drop tables related to measure filters'...
2018.12.26 13:01:25 INFO  web[][o.s.s.p.d.m.v.v.DropMeasureFiltersTables] Removing tables [measure_filters, measure_filter_favourites]
2018.12.26 13:01:25 INFO  web[][DbMigrations] #1421 'Drop tables related to measure filters': success | time=17ms
2018.12.26 13:01:25 INFO  web[][DbMigrations] #1422 'Drop tables related to issue filters'...
2018.12.26 13:01:25 INFO  web[][o.s.s.p.d.m.v.v.DropIssueFiltersTables] Removing tables [issue_filters, issue_filter_favourites]
2018.12.26 13:01:25 INFO  web[][DbMigrations] #1422 'Drop tables related to issue filters': success | time=12ms
2018.12.26 13:01:25 INFO  web[][DbMigrations] #1423 'Create table WEBHOOK_DELIVERIES'...
2018.12.26 13:01:25 INFO  web[][DbMigrations] #1423 'Create table WEBHOOK_DELIVERIES': success | time=35ms
2018.12.26 13:01:25 INFO  web[][DbMigrations] #1500 'Add Events.UUID'...
2018.12.26 13:01:25 INFO  web[][DbMigrations] #1500 'Add Events.UUID': success | time=8ms
2018.12.26 13:01:25 INFO  web[][DbMigrations] #1501 'Populate Events.UUID'...
2018.12.26 13:01:25 INFO  web[][o.s.s.p.d.m.s.MassUpdate] 0 events processed (0 items/sec)
2018.12.26 13:01:25 INFO  web[][DbMigrations] #1501 'Populate Events.UUID': success | time=11ms
2018.12.26 13:01:25 INFO  web[][DbMigrations] #1502 'Make Events.UUID not nullable'...
2018.12.26 13:01:25 INFO  web[][DbMigrations] #1502 'Make Events.UUID not nullable': success | time=16ms
2018.12.26 13:01:25 INFO  web[][DbMigrations] #1503 'Add PROJECTS.ORGANIZATION_UUID'...
2018.12.26 13:01:25 INFO  web[][DbMigrations] #1503 'Add PROJECTS.ORGANIZATION_UUID': success | time=7ms
2018.12.26 13:01:25 INFO  web[][DbMigrations] #1504 'Populate PROJECTS.ORGANIZATION_UUID'...
2018.12.26 13:01:25 INFO  web[][o.s.s.p.d.m.s.MassUpdate] 0 project trees processed (0 items/sec)
2018.12.26 13:01:25 INFO  web[][o.s.s.p.d.m.s.MassUpdate] 0 components processed (0 items/sec)
2018.12.26 13:01:25 INFO  web[][DbMigrations] #1504 'Populate PROJECTS.ORGANIZATION_UUID': success | time=20ms
2018.12.26 13:01:25 INFO  web[][DbMigrations] #1505 'Make PROJECTS.ORGANIZATION_UUID not nullable'...
2018.12.26 13:01:25 INFO  web[][DbMigrations] #1505 'Make PROJECTS.ORGANIZATION_UUID not nullable': success | time=8ms
2018.12.26 13:01:25 INFO  web[][DbMigrations] #1506 'Add index on PROJECTS.ORGANIZATION_UUID'...
2018.12.26 13:01:25 INFO  web[][DbMigrations] #1506 'Add index on PROJECTS.ORGANIZATION_UUID': success | time=12ms
2018.12.26 13:01:25 INFO  web[][DbMigrations] #1507 'Drop table RESOURCE_INDEX'...
2018.12.26 13:01:25 INFO  web[][DbMigrations] #1507 'Drop table RESOURCE_INDEX': success | time=17ms
2018.12.26 13:01:25 INFO  web[][DbMigrations] #1508 'Add columns ORGANIZATIONS.DEFAULT_PERM_TEMPLATE_*'...
2018.12.26 13:01:25 INFO  web[][DbMigrations] #1508 'Add columns ORGANIZATIONS.DEFAULT_PERM_TEMPLATE_*': success | time=7ms
2018.12.26 13:01:25 INFO  web[][DbMigrations] #1509 'Populate columns ORGANIZATIONS.DEFAULT_PERM_TEMPLATE_*'...
2018.12.26 13:01:25 INFO  web[][DbMigrations] #1509 'Populate columns ORGANIZATIONS.DEFAULT_PERM_TEMPLATE_*': success | time=15ms
2018.12.26 13:01:25 INFO  web[][DbMigrations] #1510 'Add ORGANIZATIONS.GUARDED'...
2018.12.26 13:01:25 INFO  web[][DbMigrations] #1510 'Add ORGANIZATIONS.GUARDED': success | time=7ms
2018.12.26 13:01:25 INFO  web[][DbMigrations] #1511 'Populate ORGANIZATIONS.GUARDED'...
2018.12.26 13:01:25 INFO  web[][o.s.s.p.d.m.s.MassUpdate] 1 organizations processed (0 items/sec)
2018.12.26 13:01:25 INFO  web[][DbMigrations] #1511 'Populate ORGANIZATIONS.GUARDED': success | time=15ms
2018.12.26 13:01:25 INFO  web[][DbMigrations] #1512 'Make ORGANIZATIONS.GUARDED not nullable'...
2018.12.26 13:01:25 INFO  web[][DbMigrations] #1512 'Make ORGANIZATIONS.GUARDED not nullable': success | time=9ms
2018.12.26 13:01:25 INFO  web[][DbMigrations] #1513 'Make default organization guarded'...
2018.12.26 13:01:25 INFO  web[][DbMigrations] #1513 'Make default organization guarded': success | time=14ms
2018.12.26 13:01:25 INFO  web[][DbMigrations] #1514 'Delete some entries in PROPERTIES'...
2018.12.26 13:01:25 INFO  web[][o.s.s.p.d.m.s.MassUpdate] 0 useless settings processed (0 items/sec)
2018.12.26 13:01:25 INFO  web[][DbMigrations] #1514 'Delete some entries in PROPERTIES': success | time=12ms
2018.12.26 13:01:25 INFO  web[][DbMigrations] #1515 'Unset user root flags'...
2018.12.26 13:01:25 INFO  web[][DbMigrations] #1515 'Unset user root flags': success | time=8ms
2018.12.26 13:01:25 INFO  web[][DbMigrations] #1516 'Add ORGANIZATIONS.USER_ID'...
2018.12.26 13:01:25 INFO  web[][DbMigrations] #1516 'Add ORGANIZATIONS.USER_ID': success | time=8ms
2018.12.26 13:01:25 INFO  web[][DbMigrations] #1517 'Delete PROJECT_MEASURES rows having no value'...
2018.12.26 13:01:25 INFO  web[][o.s.s.p.d.m.s.MassUpdate] 0 measures processed (0 items/sec)
2018.12.26 13:01:25 INFO  web[][DbMigrations] #1517 'Delete PROJECT_MEASURES rows having no value': success | time=9ms
2018.12.26 13:01:25 INFO  web[][DbMigrations] #1518 'Make index on ORGANIZATIONS.KEE unique'...
2018.12.26 13:01:25 INFO  web[][DbMigrations] #1518 'Make index on ORGANIZATIONS.KEE unique': success | time=11ms
2018.12.26 13:01:25 INFO  web[][DbMigrations] #1600 'Add PROJECTS.TAGS'...
2018.12.26 13:01:25 INFO  web[][DbMigrations] #1600 'Add PROJECTS.TAGS': success | time=6ms
2018.12.26 13:01:25 INFO  web[][DbMigrations] #1601 'Set PROJECTS.COPY_COMPONENT_UUID on local views'...
2018.12.26 13:01:25 INFO  web[][o.s.s.p.d.m.s.MassUpdate] 0 rows processed (0 items/sec)
2018.12.26 13:01:25 INFO  web[][DbMigrations] #1601 'Set PROJECTS.COPY_COMPONENT_UUID on local views': success | time=14ms
2018.12.26 13:01:25 INFO  web[][DbMigrations] #1602 'Add RULES_PROFILES.ORGANIZATION_UUID'...
2018.12.26 13:01:25 INFO  web[][DbMigrations] #1602 'Add RULES_PROFILES.ORGANIZATION_UUID': success | time=10ms
2018.12.26 13:01:25 INFO  web[][DbMigrations] #1603 'Set RULES_PROFILES.ORGANIZATION_UUID to default'...
2018.12.26 13:01:25 INFO  web[][DbMigrations] #1603 'Set RULES_PROFILES.ORGANIZATION_UUID to default': success | time=8ms
2018.12.26 13:01:25 INFO  web[][DbMigrations] #1604 'Make RULES_PROFILES.ORGANIZATION_UUID not nullable'...
2018.12.26 13:01:25 INFO  web[][DbMigrations] #1604 'Make RULES_PROFILES.ORGANIZATION_UUID not nullable': success | time=8ms
2018.12.26 13:01:25 INFO  web[][DbMigrations] #1605 'Drop unique index on RULES_PROFILES.KEE'...
2018.12.26 13:01:25 INFO  web[][DbMigrations] #1605 'Drop unique index on RULES_PROFILES.KEE': success | time=7ms
2018.12.26 13:01:25 INFO  web[][DbMigrations] #1606 'Make RULES_PROFILES.ORGANIZATION_UUID and KEE unique'...
2018.12.26 13:01:25 INFO  web[][DbMigrations] #1606 'Make RULES_PROFILES.ORGANIZATION_UUID and KEE unique': success | time=13ms
2018.12.26 13:01:25 INFO  web[][DbMigrations] #1607 'Create ORGANIZATION_MEMBERS table'...
2018.12.26 13:01:25 INFO  web[][DbMigrations] #1607 'Create ORGANIZATION_MEMBERS table': success | time=11ms
2018.12.26 13:01:25 INFO  web[][DbMigrations] #1608 'Populate ORGANIZATION_MEMBERS table'...
2018.12.26 13:01:25 INFO  web[][o.s.s.p.d.m.s.MassUpdate] 1 default organization members processed (0 items/sec)
2018.12.26 13:01:25 INFO  web[][o.s.s.p.d.m.s.MassUpdate] 0 non default organization members processed (0 items/sec)
2018.12.26 13:01:25 INFO  web[][DbMigrations] #1608 'Populate ORGANIZATION_MEMBERS table': success | time=20ms
2018.12.26 13:01:25 INFO  web[][DbMigrations] #1609 'Drop unique index on RULES_PROFILES.ORGANIZATION_UUID and KEE'...
2018.12.26 13:01:25 INFO  web[][DbMigrations] #1609 'Drop unique index on RULES_PROFILES.ORGANIZATION_UUID and KEE': success | time=8ms
2018.12.26 13:01:25 INFO  web[][DbMigrations] #1610 'Make RULES_PROFILES.KEE unique'...
2018.12.26 13:01:25 INFO  web[][DbMigrations] #1610 'Make RULES_PROFILES.KEE unique': success | time=13ms
2018.12.26 13:01:25 INFO  web[][DbMigrations] #1611 'Clean LOADED_TEMPLATES rows without type'...
2018.12.26 13:01:25 INFO  web[][DbMigrations] #1611 'Clean LOADED_TEMPLATES rows without type': success | time=8ms
2018.12.26 13:01:25 INFO  web[][DbMigrations] #1612 'Extend size of column LOADED_TEMPLATES.TEMPLATE_TYPE'...
2018.12.26 13:01:25 INFO  web[][DbMigrations] #1612 'Extend size of column LOADED_TEMPLATES.TEMPLATE_TYPE': success | time=8ms
2018.12.26 13:01:25 INFO  web[][DbMigrations] #1613 'Add index LOADED_TEMPLATES_TYPE'...
2018.12.26 13:01:25 INFO  web[][DbMigrations] #1613 'Add index LOADED_TEMPLATES_TYPE': success | time=11ms
2018.12.26 13:01:25 INFO  web[][DbMigrations] #1614 'Upgrade loaded template entries for quality profiles'...
2018.12.26 13:01:25 INFO  web[][o.s.s.p.d.m.s.MassUpdate] 0 loaded templates for quality profiles processed (0 items/sec)
2018.12.26 13:01:25 INFO  web[][DbMigrations] #1614 'Upgrade loaded template entries for quality profiles': success | time=15ms
2018.12.26 13:01:25 INFO  web[][DbMigrations] #1615 'Create table RULES_METADATA'...
2018.12.26 13:01:25 INFO  web[][DbMigrations] #1615 'Create table RULES_METADATA': success | time=14ms
2018.12.26 13:01:25 INFO  web[][DbMigrations] #1616 'Populate table RULES_METADATA'...
2018.12.26 13:01:25 INFO  web[][o.s.s.p.d.m.s.MassUpdate] 0 rules metadata processed (0 items/sec)
2018.12.26 13:01:25 INFO  web[][DbMigrations] #1616 'Populate table RULES_METADATA': success | time=10ms
2018.12.26 13:01:25 INFO  web[][DbMigrations] #1617 'Drop metadata columns from RULES'...
2018.12.26 13:01:25 INFO  web[][DbMigrations] #1617 'Drop metadata columns from RULES': success | time=9ms
2018.12.26 13:01:25 INFO  web[][DbMigrations] #1618 'Make index on ORGANIZATIONS.KEE unique'...
2018.12.26 13:01:25 INFO  web[][DbMigrations] #1618 'Make index on ORGANIZATIONS.KEE unique': success | time=15ms
2018.12.26 13:01:25 INFO  web[][DbMigrations] #1619 'Restore 'sonar-users' group'...
2018.12.26 13:01:25 INFO  web[][DbMigrations] #1619 'Restore 'sonar-users' group': success | time=13ms
2018.12.26 13:01:25 INFO  web[][DbMigrations] #1620 'Delete 'sonar.defaultGroup' setting'...
2018.12.26 13:01:25 INFO  web[][DbMigrations] #1620 'Delete 'sonar.defaultGroup' setting': success | time=8ms
2018.12.26 13:01:25 INFO  web[][DbMigrations] #1621 'Set all users into 'sonar-users' group'...
2018.12.26 13:01:25 INFO  web[][o.s.s.p.d.m.s.MassUpdate] 0 users processed (0 items/sec)
2018.12.26 13:01:25 INFO  web[][DbMigrations] #1621 'Set all users into 'sonar-users' group': success | time=17ms
2018.12.26 13:01:25 INFO  web[][DbMigrations] #1622 'Create 'Members' group in each organization'...
2018.12.26 13:01:25 INFO  web[][DbMigrations] #1622 'Create 'Members' group in each organization': success | time=7ms
2018.12.26 13:01:25 INFO  web[][DbMigrations] #1623 'Set organization members into 'Members' group'...
2018.12.26 13:01:25 INFO  web[][o.s.s.p.d.m.s.MassUpdate] 0 users not belonging to 'members' group processed (0 items/sec)
2018.12.26 13:01:25 INFO  web[][DbMigrations] #1623 'Set organization members into 'Members' group': success | time=12ms
2018.12.26 13:01:25 INFO  web[][DbMigrations] #1624 'Add ORGANIZATIONS.DEFAULT_GROUP_ID'...
2018.12.26 13:01:25 INFO  web[][DbMigrations] #1624 'Add ORGANIZATIONS.DEFAULT_GROUP_ID': success | time=7ms
2018.12.26 13:01:25 INFO  web[][DbMigrations] #1625 'Populate column ORGANIZATIONS.DEFAULT_GROUP_ID'...
2018.12.26 13:01:25 INFO  web[][o.s.s.p.d.m.s.MassUpdate] 1 organizations processed (0 items/sec)
2018.12.26 13:01:25 INFO  web[][DbMigrations] #1625 'Populate column ORGANIZATIONS.DEFAULT_GROUP_ID': success | time=18ms
2018.12.26 13:01:26 INFO  web[][DbMigrations] #1626 'Clean orphan rows in table GROUPS_USERS'...
2018.12.26 13:01:26 INFO  web[][o.s.s.p.d.m.s.MassUpdate] 0 orphan user group membership processed (0 items/sec)
2018.12.26 13:01:26 INFO  web[][DbMigrations] #1626 'Clean orphan rows in table GROUPS_USERS': success | time=14ms
2018.12.26 13:01:26 INFO  web[][DbMigrations] #1627 'Delete permission templates linked to removed users'...
2018.12.26 13:01:26 INFO  web[][o.s.s.p.d.m.s.MassUpdate] 0 permission templates linked to removed users processed (0 items/sec)
2018.12.26 13:01:26 INFO  web[][DbMigrations] #1627 'Delete permission templates linked to removed users': success | time=23ms
2018.12.26 13:01:26 INFO  web[][DbMigrations] #1628 'Add columns CE_QUEUE.WORKER_UUID and EXECUTION_COUNT'...
2018.12.26 13:01:26 INFO  web[][DbMigrations] #1628 'Add columns CE_QUEUE.WORKER_UUID and EXECUTION_COUNT': success | time=9ms
2018.12.26 13:01:26 INFO  web[][DbMigrations] #1629 'Make CE_QUEUE.EXECUTION_COUNT not nullable'...
2018.12.26 13:01:26 INFO  web[][DbMigrations] #1629 'Make CE_QUEUE.EXECUTION_COUNT not nullable': success | time=9ms
2018.12.26 13:01:26 INFO  web[][DbMigrations] #1630 'Add columns CE_ACTIVITY.WORKER_UUID and EXECUTION_COUNT'...
2018.12.26 13:01:26 INFO  web[][DbMigrations] #1630 'Add columns CE_ACTIVITY.WORKER_UUID and EXECUTION_COUNT': success | time=9ms
2018.12.26 13:01:26 INFO  web[][DbMigrations] #1631 'Make columns CE_ACTIVITY.EXECUTION_COUNT not nullable'...
2018.12.26 13:01:26 INFO  web[][DbMigrations] #1631 'Make columns CE_ACTIVITY.EXECUTION_COUNT not nullable': success | time=13ms
2018.12.26 13:01:26 INFO  web[][DbMigrations] #1632 'Make PROJECTS.PROJECT_UUID not nullable'...
2018.12.26 13:01:26 INFO  web[][DbMigrations] #1632 'Make PROJECTS.PROJECT_UUID not nullable': success | time=19ms
2018.12.26 13:01:26 INFO  web[][DbMigrations] #1633 'Purge rows with null PROJECTS.PROJECT_UUID'...
2018.12.26 13:01:26 INFO  web[][o.s.s.p.d.m.s.MassUpdate] 0 rows in projects without project_uuid processed (0 items/sec)
2018.12.26 13:01:26 INFO  web[][DbMigrations] #1633 'Purge rows with null PROJECTS.PROJECT_UUID': success | time=12ms
2018.12.26 13:01:26 INFO  web[][DbMigrations] #1634 'Make PROJECTS.PROJECT_UUID not nullable'...
2018.12.26 13:01:26 INFO  web[][DbMigrations] #1634 'Make PROJECTS.PROJECT_UUID not nullable': success | time=17ms
2018.12.26 13:01:26 INFO  web[][DbMigrations] #1635 'Add column PROJECTS.PRIVATE'...
2018.12.26 13:01:26 INFO  web[][DbMigrations] #1635 'Add column PROJECTS.PRIVATE': success | time=5ms
2018.12.26 13:01:26 INFO  web[][DbMigrations] #1636 'Populate column PROJECTS.PRIVATE'...
2018.12.26 13:01:26 INFO  web[][o.s.s.p.d.m.s.MassUpdate] 0 component tree without private flag processed (0 items/sec)
2018.12.26 13:01:26 INFO  web[][DbMigrations] #1636 'Populate column PROJECTS.PRIVATE': success | time=10ms
2018.12.26 13:01:26 INFO  web[][DbMigrations] #1637 'Make column PROJECTS.PRIVATE not nullable'...
2018.12.26 13:01:26 INFO  web[][DbMigrations] #1637 'Make column PROJECTS.PRIVATE not nullable': success | time=6ms
2018.12.26 13:01:26 INFO  web[][DbMigrations] #1638 'Add column ORGANIZATIONS.NEW_PROJECT_PRIVATE'...
2018.12.26 13:01:26 INFO  web[][DbMigrations] #1638 'Add column ORGANIZATIONS.NEW_PROJECT_PRIVATE': success | time=6ms
2018.12.26 13:01:26 INFO  web[][DbMigrations] #1639 'Set ORGANIZATIONS.NEW_PROJECT_PRIVATE to false'...
2018.12.26 13:01:26 INFO  web[][DbMigrations] #1639 'Set ORGANIZATIONS.NEW_PROJECT_PRIVATE to false': success | time=7ms
2018.12.26 13:01:26 INFO  web[][DbMigrations] #1640 'Make column ORGANIZATIONS.NEW_PROJECT_PRIVATE not nullable'...
2018.12.26 13:01:26 INFO  web[][DbMigrations] #1640 'Make column ORGANIZATIONS.NEW_PROJECT_PRIVATE not nullable': success | time=7ms
2018.12.26 13:01:26 INFO  web[][DbMigrations] #1641 'Make components private based on permissions'...
2018.12.26 13:01:26 INFO  web[][o.s.s.p.d.m.s.MassUpdate] 0 component trees to be made private processed (0 items/sec)
2018.12.26 13:01:26 INFO  web[][o.s.s.p.d.m.s.MassUpdate] 0 public component trees to clean permissions of processed (0 items/sec)
2018.12.26 13:01:26 INFO  web[][o.s.s.p.d.m.s.MassUpdate] 0 users of private component tree without user permission processed (0 items/sec)
2018.12.26 13:01:26 INFO  web[][o.s.s.p.d.m.s.MassUpdate] 0 users of private component tree without codeviewer permission processed (0 items/sec)
2018.12.26 13:01:26 INFO  web[][o.s.s.p.d.m.s.MassUpdate] 0 groups of private component tree without user permission processed (0 items/sec)
2018.12.26 13:01:26 INFO  web[][o.s.s.p.d.m.s.MassUpdate] 0 groups of private component tree without codeviewer permission processed (0 items/sec)
2018.12.26 13:01:26 INFO  web[][DbMigrations] #1641 'Make components private based on permissions': success | time=37ms
2018.12.26 13:01:26 INFO  web[][DbMigrations] #1642 'Support private project in default permission template'...
2018.12.26 13:01:26 INFO  web[][DbMigrations] #1642 'Support private project in default permission template': success | time=16ms
2018.12.26 13:01:26 INFO  web[][DbMigrations] #1643 'Drop user and codeviewer perms to AnyOne in permission templates'...
2018.12.26 13:01:26 INFO  web[][o.s.s.p.d.m.s.MassUpdate] 0 permission templates with useless permissions to group AnyOne processed (0 items/sec)
2018.12.26 13:01:26 INFO  web[][DbMigrations] #1643 'Drop user and codeviewer perms to AnyOne in permission templates': success | time=11ms
2018.12.26 13:01:26 INFO  web[][DbMigrations] #1644 'Add index on active_rule_parameters.active_rule_id'...
2018.12.26 13:01:26 INFO  web[][DbMigrations] #1644 'Add index on active_rule_parameters.active_rule_id': success | time=13ms
2018.12.26 13:01:26 INFO  web[][DbMigrations] #1700 'Drop table AUTHORS'...
2018.12.26 13:01:26 INFO  web[][DbMigrations] #1700 'Drop table AUTHORS': success | time=12ms
2018.12.26 13:01:26 INFO  web[][DbMigrations] #1701 'Clean orphans from USER_ROLES'...
2018.12.26 13:01:26 INFO  web[][o.s.s.p.d.m.s.MassUpdate] 0 rows without component processed (0 items/sec)
2018.12.26 13:01:26 INFO  web[][o.s.s.p.d.m.s.MassUpdate] 0 rows for non-root component processed (0 items/sec)
2018.12.26 13:01:26 INFO  web[][DbMigrations] #1701 'Clean orphans from USER_ROLES': success | time=17ms
2018.12.26 13:01:26 INFO  web[][DbMigrations] #1702 'Clean orphans from GROUP_ROLES'...
2018.12.26 13:01:26 INFO  web[][o.s.s.p.d.m.s.MassUpdate] 0 rows without component processed (0 items/sec)
2018.12.26 13:01:26 INFO  web[][o.s.s.p.d.m.s.MassUpdate] 0 rows for non-root component processed (0 items/sec)
2018.12.26 13:01:26 INFO  web[][DbMigrations] #1702 'Clean orphans from GROUP_ROLES': success | time=19ms
2018.12.26 13:01:26 INFO  web[][DbMigrations] #1703 'Populate EVENTS.COMPONENT_UUID'...
2018.12.26 13:01:26 INFO  web[][o.s.s.p.d.m.s.MassUpdate] 0 events without component_uuid processed (0 items/sec)
2018.12.26 13:01:26 INFO  web[][o.s.s.p.d.m.s.MassUpdate] 0 delete orphan events processed (0 items/sec)
2018.12.26 13:01:26 INFO  web[][DbMigrations] #1703 'Populate EVENTS.COMPONENT_UUID': success | time=26ms
2018.12.26 13:01:26 INFO  web[][DbMigrations] #1704 'Drop index EVENTS_COMPONENT_UUID'...
2018.12.26 13:01:26 INFO  web[][DbMigrations] #1704 'Drop index EVENTS_COMPONENT_UUID': success | time=8ms
2018.12.26 13:01:26 INFO  web[][DbMigrations] #1705 'Make EVENTS.COMPONENT_UUID not nullable'...
2018.12.26 13:01:26 INFO  web[][DbMigrations] #1705 'Make EVENTS.COMPONENT_UUID not nullable': success | time=9ms
2018.12.26 13:01:26 INFO  web[][DbMigrations] #1706 'Recreate index EVENTS_COMPONENT_UUID'...
2018.12.26 13:01:26 INFO  web[][DbMigrations] #1706 'Recreate index EVENTS_COMPONENT_UUID': success | time=10ms
2018.12.26 13:01:26 INFO  web[][DbMigrations] #1707 'Ensure ISSUE.PROJECT_UUID is consistent'...
2018.12.26 13:01:26 INFO  web[][o.s.s.p.d.m.s.MassUpdate] 0 issues with inconsistent project_uuid processed (0 items/sec)
2018.12.26 13:01:26 INFO  web[][DbMigrations] #1707 'Ensure ISSUE.PROJECT_UUID is consistent': success | time=9ms
2018.12.26 13:01:26 INFO  web[][DbMigrations] #1708 'Clean orphans from PROJECT_LINKS'...
2018.12.26 13:01:26 INFO  web[][o.s.s.p.d.m.s.MassUpdate] 0 orphan project links processed (0 items/sec)
2018.12.26 13:01:26 INFO  web[][DbMigrations] #1708 'Clean orphans from PROJECT_LINKS': success | time=12ms
2018.12.26 13:01:26 INFO  web[][DbMigrations] #1709 'Clean orphans from SETTINGS'...
2018.12.26 13:01:26 INFO  web[][o.s.s.p.d.m.s.MassUpdate] 0 orphan properties processed (0 items/sec)
2018.12.26 13:01:26 INFO  web[][DbMigrations] #1709 'Clean orphans from SETTINGS': success | time=10ms
2018.12.26 13:01:26 INFO  web[][DbMigrations] #1710 'Clean orphans from MANUAL_MEASURES'...
2018.12.26 13:01:26 INFO  web[][o.s.s.p.d.m.s.MassUpdate] 0 orphan properties processed (0 items/sec)
2018.12.26 13:01:26 INFO  web[][DbMigrations] #1710 'Clean orphans from MANUAL_MEASURES': success | time=11ms
2018.12.26 13:01:26 INFO  web[][DbMigrations] #1711 'Drop index MANUAL_MEASURES.COMPONENT_UUID'...
2018.12.26 13:01:26 INFO  web[][DbMigrations] #1711 'Drop index MANUAL_MEASURES.COMPONENT_UUID': success | time=9ms
2018.12.26 13:01:26 INFO  web[][DbMigrations] #1712 'Make MANUAL_MEASURES.COMPONENT_UUID not nullable'...
2018.12.26 13:01:26 INFO  web[][DbMigrations] #1712 'Make MANUAL_MEASURES.COMPONENT_UUID not nullable': success | time=11ms
2018.12.26 13:01:26 INFO  web[][DbMigrations] #1713 'Recreate index MANUAL_MEASURES.COMPONENT_UUID'...
2018.12.26 13:01:26 INFO  web[][DbMigrations] #1713 'Recreate index MANUAL_MEASURES.COMPONENT_UUID': success | time=13ms
2018.12.26 13:01:26 INFO  web[][DbMigrations] #1714 'Purge developer data'...
2018.12.26 13:01:26 INFO  web[][o.s.s.p.d.m.s.MassUpdate] 0 purged project copies processed (0 items/sec)
2018.12.26 13:01:26 INFO  web[][o.s.s.p.d.m.s.MassUpdate] 0 purged developers processed (0 items/sec)
2018.12.26 13:01:26 INFO  web[][DbMigrations] #1714 'Purge developer data': success | time=16ms
2018.12.26 13:01:26 INFO  web[][DbMigrations] #1715 'Add rules_profiles.is_built_in'...
2018.12.26 13:01:26 INFO  web[][DbMigrations] #1715 'Add rules_profiles.is_built_in': success | time=8ms
2018.12.26 13:01:26 INFO  web[][DbMigrations] #1716 'Set rules_profiles.is_built_in to false'...
2018.12.26 13:01:26 INFO  web[][o.s.s.p.d.m.s.MassUpdate] 0 rules_profiles processed (0 items/sec)
2018.12.26 13:01:26 INFO  web[][DbMigrations] #1716 'Set rules_profiles.is_built_in to false': success | time=13ms
2018.12.26 13:01:26 INFO  web[][DbMigrations] #1717 'Make rules_profiles.is_built_in not null'...
2018.12.26 13:01:26 INFO  web[][DbMigrations] #1717 'Make rules_profiles.is_built_in not null': success | time=7ms
2018.12.26 13:01:26 INFO  web[][DbMigrations] #1718 'Delete unused loaded_templates on quality profiles'...
2018.12.26 13:01:26 INFO  web[][o.s.s.p.d.m.s.MassUpdate] 0 loaded_templates processed (0 items/sec)
2018.12.26 13:01:26 INFO  web[][DbMigrations] #1718 'Delete unused loaded_templates on quality profiles': success | time=10ms
2018.12.26 13:01:26 INFO  web[][DbMigrations] #1719 'Create table default_qprofiles'...
2018.12.26 13:01:26 INFO  web[][DbMigrations] #1719 'Create table default_qprofiles': success | time=23ms
2018.12.26 13:01:26 INFO  web[][DbMigrations] #1720 'Populate table default_qprofiles'...
2018.12.26 13:01:26 INFO  web[][o.s.s.p.d.m.s.MassUpdate] 0 default_qprofiles processed (0 items/sec)
2018.12.26 13:01:26 INFO  web[][DbMigrations] #1720 'Populate table default_qprofiles': success | time=17ms
2018.12.26 13:01:26 INFO  web[][DbMigrations] #1721 'Drop rules_profiles.is_default'...
2018.12.26 13:01:26 INFO  web[][DbMigrations] #1721 'Drop rules_profiles.is_default': success | time=8ms
2018.12.26 13:01:26 INFO  web[][DbMigrations] #1722 'Create table qprofiles'...
2018.12.26 13:01:26 INFO  web[][DbMigrations] #1722 'Create table qprofiles': success | time=33ms
2018.12.26 13:01:26 INFO  web[][DbMigrations] #1723 'Populate table qprofiles'...
2018.12.26 13:01:26 INFO  web[][o.s.s.p.d.m.s.MassUpdate] 0 org_qprofiles processed (0 items/sec)
2018.12.26 13:01:26 INFO  web[][DbMigrations] #1723 'Populate table qprofiles': success | time=16ms
2018.12.26 13:01:26 INFO  web[][DbMigrations] #1724 'Drop columns organization_uuid and parent_kee from rules_profiles'...
2018.12.26 13:01:26 INFO  web[][DbMigrations] #1724 'Drop columns organization_uuid and parent_kee from rules_profiles': success | time=17ms
2018.12.26 13:01:26 INFO  web[][DbMigrations] #1725 'Mark rules_profiles.is_built_in to true for default organization'...
2018.12.26 13:01:26 INFO  web[][DbMigrations] #1725 'Mark rules_profiles.is_built_in to true for default organization': success | time=7ms
2018.12.26 13:01:26 INFO  web[][DbMigrations] #1726 'Update org_qprofiles to reference built-in profiles'...
2018.12.26 13:01:26 INFO  web[][DbMigrations] #1726 'Update org_qprofiles to reference built-in profiles': success | time=7ms
2018.12.26 13:01:26 INFO  web[][DbMigrations] #1727 'Delete rules_profiles orphans'...
2018.12.26 13:01:26 INFO  web[][o.s.s.p.d.m.v.v.DeleteOrphansFromRulesProfiles] Deleting orphans from rules_profiles
2018.12.26 13:01:26 INFO  web[][o.s.s.p.d.m.v.v.DeleteOrphansFromRulesProfiles] Deleting orphans from active_rules
2018.12.26 13:01:26 INFO  web[][o.s.s.p.d.m.v.v.DeleteOrphansFromRulesProfiles] Deleting orphans from active_rule_parameters
2018.12.26 13:01:26 INFO  web[][o.s.s.p.d.m.v.v.DeleteOrphansFromRulesProfiles] Deleting orphans from qprofile_changes
2018.12.26 13:01:26 INFO  web[][DbMigrations] #1727 'Delete rules_profiles orphans': success | time=20ms
2018.12.26 13:01:26 INFO  web[][DbMigrations] #1728 'Rename column qprofile_changes.qprofile_key to qprofile_changes.rules_profile_uuid'...
2018.12.26 13:01:26 INFO  web[][DbMigrations] #1728 'Rename column qprofile_changes.qprofile_key to qprofile_changes.rules_profile_uuid': success | time=14ms
2018.12.26 13:01:26 INFO  web[][DbMigrations] #1729 'Add index on qprofile_changes.rules_profile_uuid'...
2018.12.26 13:01:26 INFO  web[][DbMigrations] #1729 'Add index on qprofile_changes.rules_profile_uuid': success | time=10ms
2018.12.26 13:01:26 INFO  web[][DbMigrations] #1730 'Add USERS.ONBOARDED'...
2018.12.26 13:01:26 INFO  web[][DbMigrations] #1730 'Add USERS.ONBOARDED': success | time=15ms
2018.12.26 13:01:26 INFO  web[][DbMigrations] #1731 'Populate USERS.ONBOARDED'...
2018.12.26 13:01:26 INFO  web[][DbMigrations] #1731 'Populate USERS.ONBOARDED': success | time=15ms
2018.12.26 13:01:26 INFO  web[][DbMigrations] #1732 'Make USERS.ONBOARDED not nullable'...
2018.12.26 13:01:26 INFO  web[][DbMigrations] #1732 'Make USERS.ONBOARDED not nullable': success | time=6ms
2018.12.26 13:01:26 INFO  web[][DbMigrations] #1733 'Create table es_queue'...
2018.12.26 13:01:26 INFO  web[][DbMigrations] #1733 'Create table es_queue': success | time=13ms
2018.12.26 13:01:26 INFO  web[][DbMigrations] #1734 'Add index on es_queue.created_at'...
2018.12.26 13:01:26 INFO  web[][DbMigrations] #1734 'Add index on es_queue.created_at': success | time=10ms
2018.12.26 13:01:26 INFO  web[][DbMigrations] #1735 'Delete sonar.ce.workerCount setting'...
2018.12.26 13:01:26 INFO  web[][DbMigrations] #1735 'Delete sonar.ce.workerCount setting': success | time=7ms
2018.12.26 13:01:26 INFO  web[][DbMigrations] #1801 'Create table CE task characteristics'...
2018.12.26 13:01:26 INFO  web[][DbMigrations] #1801 'Create table CE task characteristics': success | time=24ms
2018.12.26 13:01:26 INFO  web[][DbMigrations] #1802 'Delete leak settings on views'...
2018.12.26 13:01:26 INFO  web[][o.s.s.p.d.m.s.MassUpdate] 0 properties processed (0 items/sec)
2018.12.26 13:01:26 INFO  web[][DbMigrations] #1802 'Delete leak settings on views': success | time=10ms
2018.12.26 13:01:26 INFO  web[][DbMigrations] #1803 'Fix empty USERS.EXTERNAL_IDENTITY and USERS.EXTERNAL_IDENTITY_PROVIDER'...
2018.12.26 13:01:26 INFO  web[][o.s.s.p.d.m.s.MassUpdate] 0 users without external identity information processed (0 items/sec)
2018.12.26 13:01:26 INFO  web[][DbMigrations] #1803 'Fix empty USERS.EXTERNAL_IDENTITY and USERS.EXTERNAL_IDENTITY_PROVIDER': success | time=12ms
2018.12.26 13:01:26 INFO  web[][DbMigrations] #1804 'Add rules.plugin_key'...
2018.12.26 13:01:26 INFO  web[][DbMigrations] #1804 'Add rules.plugin_key': success | time=5ms
2018.12.26 13:01:26 INFO  web[][DbMigrations] #1805 'Create table plugins'...
2018.12.26 13:01:26 INFO  web[][DbMigrations] #1805 'Create table plugins': success | time=25ms
2018.12.26 13:01:26 INFO  web[][DbMigrations] #1806 'Create table project_branches'...
2018.12.26 13:01:26 INFO  web[][DbMigrations] #1806 'Create table project_branches': success | time=8ms
2018.12.26 13:01:26 INFO  web[][DbMigrations] #1807 'Add on project_branches key'...
2018.12.26 13:01:26 INFO  web[][DbMigrations] #1807 'Add on project_branches key': success | time=9ms
2018.12.26 13:01:26 INFO  web[][DbMigrations] #1808 'Add branch column to projects table'...
2018.12.26 13:01:26 INFO  web[][DbMigrations] #1808 'Add branch column to projects table': success | time=9ms
2018.12.26 13:01:26 INFO  web[][DbMigrations] #1809 'Populate project_branches with existing main branches'...
2018.12.26 13:01:26 INFO  web[][o.s.s.p.d.m.s.MassUpdate] 0 projects processed (0 items/sec)
2018.12.26 13:01:26 INFO  web[][DbMigrations] #1809 'Populate project_branches with existing main branches': success | time=13ms
2018.12.26 13:01:26 INFO  web[][DbMigrations] #1810 'Add ce_activity.error_type'...
2018.12.26 13:01:26 INFO  web[][DbMigrations] #1810 'Add ce_activity.error_type': success | time=9ms
2018.12.26 13:01:26 INFO  web[][DbMigrations] #1811 'Create table qprofile_edit_users'...
2018.12.26 13:01:26 INFO  web[][DbMigrations] #1811 'Create table qprofile_edit_users': success | time=24ms
2018.12.26 13:01:26 INFO  web[][DbMigrations] #1812 'Create table qprofile_edit_groups'...
2018.12.26 13:01:27 INFO  web[][DbMigrations] #1812 'Create table qprofile_edit_groups': success | time=26ms
2018.12.26 13:01:27 INFO  web[][DbMigrations] #1814 'Purge table properties'...
2018.12.26 13:01:27 INFO  web[][DbMigrations] #1814 'Purge table properties': success | time=53ms
2018.12.26 13:01:27 INFO  web[][DbMigrations] #1830 'Copy deprecated server ID'...
2018.12.26 13:01:27 INFO  web[][DbMigrations] #1830 'Copy deprecated server ID': success | time=10ms
2018.12.26 13:01:27 INFO  web[][DbMigrations] #1831 'Add webhook_deliveries.analysis_uuid'...
2018.12.26 13:01:27 INFO  web[][DbMigrations] #1831 'Add webhook_deliveries.analysis_uuid': success | time=10ms
2018.12.26 13:01:27 INFO  web[][DbMigrations] #1832 'Create table ANALYSIS_PROPERTIES'...
2018.12.26 13:01:27 INFO  web[][DbMigrations] #1832 'Create table ANALYSIS_PROPERTIES': success | time=38ms
2018.12.26 13:01:27 INFO  web[][DbMigrations] #1833 'Cleanup disabled users'...
2018.12.26 13:01:27 INFO  web[][o.s.s.p.d.m.s.MassUpdate] 0 deactivated users processed (0 items/sec)
2018.12.26 13:01:27 INFO  web[][DbMigrations] #1833 'Cleanup disabled users': success | time=19ms
2018.12.26 13:01:27 INFO  web[][DbMigrations] #1834 'Set WEBHOOK_DELIVERIES.CE_TASK_UUID as nullable'...
2018.12.26 13:01:27 INFO  web[][DbMigrations] #1834 'Set WEBHOOK_DELIVERIES.CE_TASK_UUID as nullable': success | time=15ms
2018.12.26 13:01:27 INFO  web[][DbMigrations] #1835 'Populate WEBHOOK_DELIVERIES.ANALYSIS_UUID'...
2018.12.26 13:01:27 INFO  web[][o.s.s.p.d.m.s.MassUpdate] 0 webhook_deliveries processed (0 items/sec)
2018.12.26 13:01:27 INFO  web[][DbMigrations] #1835 'Populate WEBHOOK_DELIVERIES.ANALYSIS_UUID': success | time=14ms
2018.12.26 13:01:27 INFO  web[][DbMigrations] #1836 'Migrate 'previous_analysis' leak periods to 'previous_version''...
2018.12.26 13:01:27 INFO  web[][o.s.s.p.d.m.s.MassUpdate] 0 leak periods processed (0 items/sec)
2018.12.26 13:01:27 INFO  web[][DbMigrations] #1836 'Migrate 'previous_analysis' leak periods to 'previous_version'': success | time=22ms
2018.12.26 13:01:27 INFO  web[][DbMigrations] #1837 'Drop old licenses'...
2018.12.26 13:01:27 INFO  web[][o.s.s.p.d.m.s.MassUpdate] 0 old license properties processed (0 items/sec)
2018.12.26 13:01:27 INFO  web[][DbMigrations] #1837 'Drop old licenses': success | time=64ms
2018.12.26 13:01:27 INFO  web[][DbMigrations] #1900 'Add QUALITY_GATES.IS_BUILT_IN'...
2018.12.26 13:01:27 INFO  web[][DbMigrations] #1900 'Add QUALITY_GATES.IS_BUILT_IN': success | time=18ms
2018.12.26 13:01:27 INFO  web[][DbMigrations] #1901 'Populate QUALITY_GATES.IS_BUILT_IN'...
2018.12.26 13:01:27 INFO  web[][o.s.s.p.d.m.s.MassUpdate] 0 quality_gates processed (0 items/sec)
2018.12.26 13:01:27 INFO  web[][DbMigrations] #1901 'Populate QUALITY_GATES.IS_BUILT_IN': success | time=24ms
2018.12.26 13:01:27 INFO  web[][DbMigrations] #1902 'Make QUALITY_GATES.IS_BUILT_IN not null'...
2018.12.26 13:01:27 INFO  web[][DbMigrations] #1902 'Make QUALITY_GATES.IS_BUILT_IN not null': success | time=16ms
2018.12.26 13:01:27 INFO  web[][DbMigrations] #1903 'Remove quality gates loaded templates'...
2018.12.26 13:01:27 INFO  web[][o.s.s.p.d.m.s.MassUpdate] 0 delete loaded templates for quality gate processed (0 items/sec)
2018.12.26 13:01:27 INFO  web[][DbMigrations] #1903 'Remove quality gates loaded templates': success | time=30ms
2018.12.26 13:01:27 INFO  web[][DbMigrations] #1904 'Rename quality gate "SonarQube way" to "Sonar way"'...
2018.12.26 13:01:27 INFO  web[][o.s.s.p.d.m.s.MassUpdate] 0 quality gates processed (0 items/sec)
2018.12.26 13:01:27 INFO  web[][DbMigrations] #1904 'Rename quality gate "SonarQube way" to "Sonar way"': success | time=36ms
2018.12.26 13:01:27 INFO  web[][DbMigrations] #1905 'Drop LOADED_TEMPLATES table'...
2018.12.26 13:01:27 INFO  web[][DbMigrations] #1905 'Drop LOADED_TEMPLATES table': success | time=24ms
2018.12.26 13:01:27 INFO  web[][DbMigrations] #1906 'Create table live_measures'...
2018.12.26 13:01:27 INFO  web[][DbMigrations] #1906 'Create table live_measures': success | time=45ms
2018.12.26 13:01:27 INFO  web[][DbMigrations] #1907 'Populate table live_measures'...
2018.12.26 13:01:27 INFO  web[][o.s.s.p.d.m.s.MassUpdate] 0 live measures processed (0 items/sec)
2018.12.26 13:01:27 INFO  web[][DbMigrations] #1907 'Populate table live_measures': success | time=44ms
2018.12.26 13:01:27 INFO  web[][DbMigrations] #1908 'Delete person and file measures'...
2018.12.26 13:01:27 INFO  web[][o.s.s.p.d.m.s.MassUpdate] 0 snapshots processed (0 items/sec)
2018.12.26 13:01:27 INFO  web[][DbMigrations] #1908 'Delete person and file measures': success | time=14ms
2018.12.26 13:01:27 INFO  web[][DbMigrations] #1909 'Drop index on project_measures.person_id'...
2018.12.26 13:01:27 INFO  web[][DbMigrations] #1909 'Drop index on project_measures.person_id': success | time=10ms
2018.12.26 13:01:27 INFO  web[][DbMigrations] #1910 'Create ORG_QUALITY_GATES table'...
2018.12.26 13:01:27 INFO  web[][DbMigrations] #1910 'Create ORG_QUALITY_GATES table': success | time=74ms
2018.12.26 13:01:27 INFO  web[][DbMigrations] #1911 'Add ORGANIZATIONS.DEFAULT_QUALITY_GATE_UUID'...
2018.12.26 13:01:27 INFO  web[][DbMigrations] #1911 'Add ORGANIZATIONS.DEFAULT_QUALITY_GATE_UUID': success | time=22ms
2018.12.26 13:01:27 INFO  web[][DbMigrations] #1912 'Create QUALITY_GATES.UUID'...
2018.12.26 13:01:27 INFO  web[][DbMigrations] #1912 'Create QUALITY_GATES.UUID': success | time=11ms
2018.12.26 13:01:27 INFO  web[][DbMigrations] #1913 'Populate QUALITY_GATES.UUID'...
2018.12.26 13:01:27 INFO  web[][o.s.s.p.d.m.s.MassUpdate] 0 quality gates processed (0 items/sec)
2018.12.26 13:01:27 INFO  web[][DbMigrations] #1913 'Populate QUALITY_GATES.UUID': success | time=21ms
2018.12.26 13:01:27 INFO  web[][DbMigrations] #1914 'Make QUALITY_GATES.UUID not nullable'...
2018.12.26 13:01:27 INFO  web[][DbMigrations] #1914 'Make QUALITY_GATES.UUID not nullable': success | time=23ms
2018.12.26 13:01:27 INFO  web[][DbMigrations] #1915 'Drop unique index on QUALITY_GATES.NAME'...
2018.12.26 13:01:27 INFO  web[][DbMigrations] #1915 'Drop unique index on QUALITY_GATES.NAME': success | time=10ms
2018.12.26 13:01:27 INFO  web[][DbMigrations] #1916 'Create builtin quality gate if required'...
2018.12.26 13:01:27 INFO  web[][DbMigrations] #1916 'Create builtin quality gate if required': success | time=20ms
2018.12.26 13:01:27 INFO  web[][DbMigrations] #1917 'Populate ORG_QUALITY_GATES table'...
2018.12.26 13:01:27 INFO  web[][o.s.s.p.d.m.s.MassUpdate] 1 organizations processed (0 items/sec)
2018.12.26 13:01:27 INFO  web[][DbMigrations] #1917 'Populate ORG_QUALITY_GATES table': success | time=59ms
2018.12.26 13:01:27 INFO  web[][DbMigrations] #1918 'Populate default quality gate on organization'...
2018.12.26 13:01:27 INFO  web[][o.s.s.p.d.m.s.MassUpdate] 1 organizations processed (0 items/sec)
2018.12.26 13:01:27 INFO  web[][DbMigrations] #1918 'Populate default quality gate on organization': success | time=27ms
2018.12.26 13:01:27 INFO  web[][DbMigrations] #1919 'Associate existing quality gates to default organization'...
2018.12.26 13:01:27 INFO  web[][o.s.s.p.d.m.s.MassUpdate] 0 quality gates processed (0 items/sec)
2018.12.26 13:01:27 INFO  web[][DbMigrations] #1919 'Associate existing quality gates to default organization': success | time=27ms
2018.12.26 13:01:27 INFO  web[][DbMigrations] #1920 'Read 'sonar.qualitygate' setting and set the value to default organization'...
2018.12.26 13:01:27 INFO  web[][o.s.s.p.d.m.v.v.ReadGlobalSonarQualityGateSettingToDefaultOrg] No default quality gate set
2018.12.26 13:01:28 INFO  web[][DbMigrations] #1920 'Read 'sonar.qualitygate' setting and set the value to default organization': success | time=20ms
2018.12.26 13:01:28 INFO  web[][DbMigrations] #1921 'Delete 'sonar.qualitygate' setting at global level'...
2018.12.26 13:01:28 INFO  web[][o.s.s.p.d.m.s.MassUpdate] 0 rows processed (0 items/sec)
2018.12.26 13:01:28 INFO  web[][DbMigrations] #1921 'Delete 'sonar.qualitygate' setting at global level': success | time=21ms
2018.12.26 13:01:28 INFO  web[][DbMigrations] #1922 'Make ORGANIZATIONS.DEFAULT_QUALITY_GATE_UUID not nullable'...
2018.12.26 13:01:28 INFO  web[][DbMigrations] #1922 'Make ORGANIZATIONS.DEFAULT_QUALITY_GATE_UUID not nullable': success | time=10ms
2018.12.26 13:01:28 INFO  web[][DbMigrations] #1923 'Add users.homepage_type and users.homepage_parameter'...
2018.12.26 13:01:28 INFO  web[][DbMigrations] #1923 'Add users.homepage_type and users.homepage_parameter': success | time=8ms
2018.12.26 13:01:28 INFO  web[][DbMigrations] #2000 'Delete settings defined in sonar.properties from PROPERTIES table'...
2018.12.26 13:01:28 INFO  web[][o.s.s.p.d.m.s.MassUpdate] 0 rows processed (0 items/sec)
2018.12.26 13:01:28 INFO  web[][DbMigrations] #2000 'Delete settings defined in sonar.properties from PROPERTIES table': success | time=26ms
2018.12.26 13:01:28 INFO  web[][DbMigrations] #2001 'Add scope to rules'...
2018.12.26 13:01:28 INFO  web[][DbMigrations] #2001 'Add scope to rules': success | time=8ms
2018.12.26 13:01:28 INFO  web[][DbMigrations] #2002 'Set rules scope to MAIN'...
2018.12.26 13:01:28 INFO  web[][o.s.s.p.d.m.s.MassUpdate] 0 rules processed (0 items/sec)
2018.12.26 13:01:28 INFO  web[][DbMigrations] #2002 'Set rules scope to MAIN': success | time=14ms
2018.12.26 13:01:28 INFO  web[][DbMigrations] #2003 'Make scope not nullable in rules'...
2018.12.26 13:01:28 INFO  web[][DbMigrations] #2003 'Make scope not nullable in rules': success | time=11ms
2018.12.26 13:01:28 INFO  web[][DbMigrations] #2004 'Use rule id in QPROFILE_CHANGES'...
2018.12.26 13:01:28 INFO  web[][o.s.s.p.d.m.s.MassUpdate] 0 rows processed (0 items/sec)
2018.12.26 13:01:28 INFO  web[][DbMigrations] #2004 'Use rule id in QPROFILE_CHANGES': success | time=21ms
2018.12.26 13:01:28 INFO  web[][DbMigrations] #2005 'Create table DEPRECATED_RULE_KEYS'...
2018.12.26 13:01:28 INFO  web[][DbMigrations] #2005 'Create table DEPRECATED_RULE_KEYS': success | time=45ms
2018.12.26 13:01:28 INFO  web[][DbMigrations] #2006 'Clean orphans in Compute Engine child tables'...
2018.12.26 13:01:28 INFO  web[][o.s.s.p.d.m.s.MassUpdate] 0 orphans rows in ce_task_input processed (0 items/sec)
2018.12.26 13:01:28 INFO  web[][o.s.s.p.d.m.s.MassUpdate] 0 orphans rows in ce_scanner_context processed (0 items/sec)
2018.12.26 13:01:28 INFO  web[][o.s.s.p.d.m.s.MassUpdate] 0 orphans rows in ce_task_characteristics processed (0 items/sec)
2018.12.26 13:01:28 INFO  web[][DbMigrations] #2006 'Clean orphans in Compute Engine child tables': success | time=28ms
2018.12.26 13:01:28 INFO  web[][DbMigrations] #2007 'Update PERMISSION_TEMPLATES.KEYS '...
2018.12.26 13:01:28 INFO  web[][o.s.s.p.d.m.s.MassUpdate] 0 permission templates processed (0 items/sec)
2018.12.26 13:01:28 INFO  web[][DbMigrations] #2007 'Update PERMISSION_TEMPLATES.KEYS ': success | time=16ms
2018.12.26 13:01:28 INFO  web[][DbMigrations] #2008 'Make scope not nullable in rules'...
2018.12.26 13:01:28 INFO  web[][DbMigrations] #2008 'Make scope not nullable in rules': success | time=11ms
2018.12.26 13:01:28 INFO  web[][DbMigrations] #2009 'Create table PROJECT_LINKS2'...
2018.12.26 13:01:28 INFO  web[][DbMigrations] #2009 'Create table PROJECT_LINKS2': success | time=17ms
2018.12.26 13:01:28 INFO  web[][DbMigrations] #2010 'Populate table PROJECT_LINKS2'...
2018.12.26 13:01:28 INFO  web[][o.s.s.p.d.m.s.MassUpdate] 0 project links processed (0 items/sec)
2018.12.26 13:01:28 INFO  web[][DbMigrations] #2010 'Populate table PROJECT_LINKS2': success | time=17ms
2018.12.26 13:01:28 INFO  web[][DbMigrations] #2011 'Drop table PROJECT_LINKS'...
2018.12.26 13:01:28 INFO  web[][DbMigrations] #2011 'Drop table PROJECT_LINKS': success | time=11ms
2018.12.26 13:01:28 INFO  web[][DbMigrations] #2012 'Rename table PROJECT_LINKS2 to PROJECT_LINKS'...
2018.12.26 13:01:28 INFO  web[][DbMigrations] #2012 'Rename table PROJECT_LINKS2 to PROJECT_LINKS': success | time=16ms
2018.12.26 13:01:28 INFO  web[][DbMigrations] #2013 'Create WEBHOOKS Table'...
2018.12.26 13:01:28 INFO  web[][DbMigrations] #2013 'Create WEBHOOKS Table': success | time=50ms
2018.12.26 13:01:28 INFO  web[][DbMigrations] #2014 'Migrate webhooks from SETTINGS table to WEBHOOKS table'...
2018.12.26 13:01:28 INFO  web[][DbMigrations] #2014 'Migrate webhooks from SETTINGS table to WEBHOOKS table': success | time=40ms
2018.12.26 13:01:28 INFO  web[][DbMigrations] #2015 'Add webhook key to WEBHOOK_DELIVERIES table'...
2018.12.26 13:01:28 INFO  web[][DbMigrations] #2015 'Add webhook key to WEBHOOK_DELIVERIES table': success | time=31ms
2018.12.26 13:01:28 INFO  web[][DbMigrations] #2016 'Increase branch type size in PROJECT_BRANCHES'...
2018.12.26 13:01:28 INFO  web[][DbMigrations] #2016 'Increase branch type size in PROJECT_BRANCHES': success | time=11ms
2018.12.26 13:01:28 INFO  web[][DbMigrations] #2017 'Add key_type column in PROJECT_BRANCHES'...
2018.12.26 13:01:28 INFO  web[][DbMigrations] #2017 'Add key_type column in PROJECT_BRANCHES': success | time=10ms
2018.12.26 13:01:28 INFO  web[][DbMigrations] #2018 'Fill key_type column in PROJECT_BRANCHES'...
2018.12.26 13:01:28 INFO  web[][o.s.s.p.d.m.s.MassUpdate] 0 branches processed (0 items/sec)
2018.12.26 13:01:28 INFO  web[][DbMigrations] #2018 'Fill key_type column in PROJECT_BRANCHES': success | time=21ms
2018.12.26 13:01:28 INFO  web[][DbMigrations] #2019 'Make key_type not nullable in PROJECT_BRANCHES'...
2018.12.26 13:01:28 INFO  web[][DbMigrations] #2019 'Make key_type not nullable in PROJECT_BRANCHES': success | time=8ms
2018.12.26 13:01:28 INFO  web[][DbMigrations] #2020 'Replace index in PROJECT_BRANCHES'...
2018.12.26 13:01:28 INFO  web[][DbMigrations] #2020 'Replace index in PROJECT_BRANCHES': success | time=14ms
2018.12.26 13:01:28 INFO  web[][DbMigrations] #2021 'Add pull_request_data in PROJECT_BRANCHES'...
2018.12.26 13:01:28 INFO  web[][DbMigrations] #2021 'Add pull_request_data in PROJECT_BRANCHES': success | time=11ms
2018.12.26 13:01:28 INFO  web[][DbMigrations] #2022 'Clean broken project to QG references'...
2018.12.26 13:01:28 INFO  web[][o.s.s.p.d.m.s.MassUpdate] 0 rows processed (0 items/sec)
2018.12.26 13:01:28 INFO  web[][DbMigrations] #2022 'Clean broken project to QG references': success | time=20ms
2018.12.26 13:01:28 INFO  web[][DbMigrations] #2023 'Delete measures of project copies'...
2018.12.26 13:01:28 INFO  web[][o.s.s.p.d.m.s.MassUpdate] 0 rows processed (0 items/sec)
2018.12.26 13:01:28 INFO  web[][DbMigrations] #2023 'Delete measures of project copies': success | time=14ms
2018.12.26 13:01:28 INFO  web[][DbMigrations] #2100 'Increase size of USERS.CRYPTED_PASSWORD'...
2018.12.26 13:01:28 INFO  web[][DbMigrations] #2100 'Increase size of USERS.CRYPTED_PASSWORD': success | time=11ms
2018.12.26 13:01:28 INFO  web[][DbMigrations] #2101 'Add HASH_METHOD to table users'...
2018.12.26 13:01:28 INFO  web[][DbMigrations] #2101 'Add HASH_METHOD to table users': success | time=8ms
2018.12.26 13:01:28 INFO  web[][DbMigrations] #2102 'Populate HASH_METHOD on table users'...
2018.12.26 13:01:28 INFO  web[][DbMigrations] #2102 'Populate HASH_METHOD on table users': success | time=8ms
2018.12.26 13:01:28 INFO  web[][DbMigrations] #2103 'Add isExternal boolean to rules'...
2018.12.26 13:01:28 INFO  web[][DbMigrations] #2103 'Add isExternal boolean to rules': success | time=8ms
2018.12.26 13:01:28 INFO  web[][DbMigrations] #2104 'Create ALM_APP_INSTALLS table'...
2018.12.26 13:01:28 INFO  web[][DbMigrations] #2104 'Create ALM_APP_INSTALLS table': success | time=39ms
2018.12.26 13:01:28 INFO  web[][DbMigrations] #2105 'Add LINE_HASHES_VERSION to table FILE_SOURCES'...
2018.12.26 13:01:28 INFO  web[][DbMigrations] #2105 'Add LINE_HASHES_VERSION to table FILE_SOURCES': success | time=10ms
2018.12.26 13:01:28 INFO  web[][DbMigrations] #2106 'Create PROJECT_MAPPINGS table'...
2018.12.26 13:01:28 INFO  web[][DbMigrations] #2106 'Create PROJECT_MAPPINGS table': success | time=48ms
2018.12.26 13:01:28 INFO  web[][DbMigrations] #2107 'Add UUID on table USERS'...
2018.12.26 13:01:28 INFO  web[][DbMigrations] #2107 'Add UUID on table USERS': success | time=8ms
2018.12.26 13:01:28 INFO  web[][DbMigrations] #2108 'Populate USERS.UUID with USERS.LOGIN'...
2018.12.26 13:01:28 INFO  web[][o.s.s.p.d.m.s.MassUpdate] 1 users processed (0 items/sec)
2018.12.26 13:01:28 INFO  web[][DbMigrations] #2108 'Populate USERS.UUID with USERS.LOGIN': success | time=17ms
2018.12.26 13:01:28 INFO  web[][DbMigrations] #2109 'Add EXTERNAL_ID on table users'...
2018.12.26 13:01:28 INFO  web[][DbMigrations] #2109 'Add EXTERNAL_ID on table users': success | time=7ms
2018.12.26 13:01:28 INFO  web[][DbMigrations] #2110 'Rename EXTERNAL_IDENTITY to EXTERNAL_LOGIN on table users'...
2018.12.26 13:01:28 INFO  web[][DbMigrations] #2110 'Rename EXTERNAL_IDENTITY to EXTERNAL_LOGIN on table users': success | time=9ms
2018.12.26 13:01:28 INFO  web[][DbMigrations] #2111 'Update null values from external columns and login of users'...
2018.12.26 13:01:28 INFO  web[][o.s.s.p.d.m.s.MassUpdate] 0 users processed (0 items/sec)
2018.12.26 13:01:28 INFO  web[][DbMigrations] #2111 'Update null values from external columns and login of users': success | time=11ms
2018.12.26 13:01:28 INFO  web[][DbMigrations] #2112 'Populate EXTERNAL_ID on table users'...
2018.12.26 13:01:28 INFO  web[][o.s.s.p.d.m.s.MassUpdate] 1 users processed (0 items/sec)
2018.12.26 13:01:28 INFO  web[][DbMigrations] #2112 'Populate EXTERNAL_ID on table users': success | time=17ms
2018.12.26 13:01:28 INFO  web[][DbMigrations] #2113 'Makes same columns of table users not nullable'...
2018.12.26 13:01:28 INFO  web[][DbMigrations] #2113 'Makes same columns of table users not nullable': success | time=23ms
2018.12.26 13:01:28 INFO  web[][DbMigrations] #2114 'Add unique indexes on table users'...
2018.12.26 13:01:28 INFO  web[][DbMigrations] #2114 'Add unique indexes on table users': success | time=29ms
2018.12.26 13:01:28 INFO  web[][DbMigrations] #2115 'Add ORGANIZATION_UUID on table users'...
2018.12.26 13:01:28 INFO  web[][DbMigrations] #2115 'Add ORGANIZATION_UUID on table users': success | time=8ms
2018.12.26 13:01:28 INFO  web[][DbMigrations] #2116 'Populate ORGANIZATION_UUID in table users'...
2018.12.26 13:01:28 INFO  web[][o.s.s.p.d.m.s.MassUpdate] 0 users processed (0 items/sec)
2018.12.26 13:01:28 INFO  web[][DbMigrations] #2116 'Populate ORGANIZATION_UUID in table users': success | time=14ms
2018.12.26 13:01:28 INFO  web[][DbMigrations] #2117 'Drop USER_ID from table organizations'...
2018.12.26 13:01:28 INFO  web[][DbMigrations] #2117 'Drop USER_ID from table organizations': success | time=7ms
2018.12.26 13:01:28 INFO  web[][DbMigrations] #2118 'Rename USER_LOGIN TO USER_UUID on table QPROFILE_CHANGES'...
2018.12.26 13:01:28 INFO  web[][DbMigrations] #2118 'Rename USER_LOGIN TO USER_UUID on table QPROFILE_CHANGES': success | time=9ms
2018.12.26 13:01:28 INFO  web[][DbMigrations] #2119 'Rename LOGIN TO USER_UUID on table USER_TOKENS'...
2018.12.26 13:01:28 INFO  web[][DbMigrations] #2119 'Rename LOGIN TO USER_UUID on table USER_TOKENS': success | time=23ms
2018.12.26 13:01:28 INFO  web[][DbMigrations] #2120 'Rename USER_LOGIN TO USER_UUID on table MANUAL_MEASURES'...
2018.12.26 13:01:28 INFO  web[][DbMigrations] #2120 'Rename USER_LOGIN TO USER_UUID on table MANUAL_MEASURES': success | time=9ms
2018.12.26 13:01:28 INFO  web[][DbMigrations] #2121 'Rename NOTE_USER_LOGIN TO NOTE_USER_UUID on table RULES_METADATA'...
2018.12.26 13:01:28 INFO  web[][DbMigrations] #2121 'Rename NOTE_USER_LOGIN TO NOTE_USER_UUID on table RULES_METADATA': success | time=11ms
2018.12.26 13:01:28 INFO  web[][DbMigrations] #2122 'Rename SUBMITTER_LOGIN TO SUBMITTER_UUID on table CE_QUEUE'...
2018.12.26 13:01:28 INFO  web[][DbMigrations] #2122 'Rename SUBMITTER_LOGIN TO SUBMITTER_UUID on table CE_QUEUE': success | time=7ms
2018.12.26 13:01:28 INFO  web[][DbMigrations] #2123 'Rename SUBMITTER_LOGIN TO SUBMITTER_UUID on table CE_ACTIVITY'...
2018.12.26 13:01:29 INFO  web[][o.s.s.e.MigrationEsClientImpl] Drop Elasticsearch index [users]
2018.12.26 13:01:29 INFO  web[][DbMigrations] #2123 'Rename SUBMITTER_LOGIN TO SUBMITTER_UUID on table CE_ACTIVITY': success | time=390ms
2018.12.26 13:01:29 INFO  web[][DbMigrations] #2124 'Add FILE_SOURCE.LINE_COUNT'...
2018.12.26 13:01:29 INFO  web[][DbMigrations] #2124 'Add FILE_SOURCE.LINE_COUNT': success | time=9ms
2018.12.26 13:01:29 INFO  web[][DbMigrations] #2125 'Populate FILE_SOURCE.LINE_COUNT'...
2018.12.26 13:01:29 INFO  web[][o.s.s.p.d.m.s.MassUpdate] 0 file sources processed (0 items/sec)
2018.12.26 13:01:29 INFO  web[][DbMigrations] #2125 'Populate FILE_SOURCE.LINE_COUNT': success | time=13ms
2018.12.26 13:01:29 INFO  web[][DbMigrations] #2126 'Make FILE_SOURCE.LINE_COUNT not nullable'...
2018.12.26 13:01:29 INFO  web[][DbMigrations] #2126 'Make FILE_SOURCE.LINE_COUNT not nullable': success | time=7ms
2018.12.26 13:01:29 INFO  web[][DbMigrations] #2127 'Purge orphans for Compute Engine'...
2018.12.26 13:01:29 INFO  web[][DbMigrations] #2127 'Purge orphans for Compute Engine': success | time=14ms
2018.12.26 13:01:29 INFO  web[][DbMigrations] #2128 'Purge duplicate rules_parameters and their orphans'...
2018.12.26 13:01:29 INFO  web[][DbMigrations] #2128 'Purge duplicate rules_parameters and their orphans': success | time=8ms
2018.12.26 13:01:29 INFO  web[][DbMigrations] #2129 'Add unique index on rule_id + name on rules_parameters'...
2018.12.26 13:01:29 INFO  web[][DbMigrations] #2129 'Add unique index on rule_id + name on rules_parameters': success | time=10ms
2018.12.26 13:01:29 INFO  web[][DbMigrations] #2200 'Populate PROJECT_BRANCHES with existing main application branches'...
2018.12.26 13:01:29 INFO  web[][o.s.s.p.d.m.s.MassUpdate] 0 applications processed (0 items/sec)
2018.12.26 13:01:29 INFO  web[][DbMigrations] #2200 'Populate PROJECT_BRANCHES with existing main application branches': success | time=10ms
2018.12.26 13:01:29 INFO  web[][DbMigrations] #2201 'Add 'securityhotspotadmin' permission to all permission templates groups already having 'issueadmin''...
2018.12.26 13:01:29 INFO  web[][o.s.s.p.d.m.s.MassUpdate] 0 permission templates groups roles processed (0 items/sec)
2018.12.26 13:01:29 INFO  web[][DbMigrations] #2201 'Add 'securityhotspotadmin' permission to all permission templates groups already having 'issueadmin'': success | time=9ms
2018.12.26 13:01:29 INFO  web[][DbMigrations] #2202 'Add 'securityhotspotadmin' permission to all permission templates users already having 'issueadmin''...
2018.12.26 13:01:29 INFO  web[][o.s.s.p.d.m.s.MassUpdate] 0 permission templates users roles processed (0 items/sec)
2018.12.26 13:01:29 INFO  web[][DbMigrations] #2202 'Add 'securityhotspotadmin' permission to all permission templates users already having 'issueadmin'': success | time=13ms
2018.12.26 13:01:29 INFO  web[][DbMigrations] #2203 'Add 'securityhotspotadmin' permission to all groups already having 'issueadmin''...
2018.12.26 13:01:29 INFO  web[][o.s.s.p.d.m.s.MassUpdate] 0 group roles processed (0 items/sec)
2018.12.26 13:01:29 INFO  web[][DbMigrations] #2203 'Add 'securityhotspotadmin' permission to all groups already having 'issueadmin'': success | time=13ms
2018.12.26 13:01:29 INFO  web[][DbMigrations] #2204 'Add 'securityhotspotadmin' permission to all users already having 'issueadmin''...
2018.12.26 13:01:29 INFO  web[][o.s.s.p.d.m.s.MassUpdate] 0 user roles processed (0 items/sec)
2018.12.26 13:01:29 INFO  web[][DbMigrations] #2204 'Add 'securityhotspotadmin' permission to all users already having 'issueadmin'': success | time=11ms
2018.12.26 13:01:29 INFO  web[][DbMigrations] #2205 'Add 'from hotspot' flag to issues'...
2018.12.26 13:01:29 INFO  web[][DbMigrations] #2205 'Add 'from hotspot' flag to issues': success | time=8ms
2018.12.26 13:01:29 INFO  web[][DbMigrations] #2206 'Add SUBSCRIPTION column to ORGANIZATIONS table'...
2018.12.26 13:01:29 INFO  web[][DbMigrations] #2206 'Add SUBSCRIPTION column to ORGANIZATIONS table': success | time=6ms
2018.12.26 13:01:29 INFO  web[][DbMigrations] #2207 'Populate SUBSCRIPTION in ORGANIZATIONS'...
2018.12.26 13:01:29 INFO  web[][o.s.s.p.d.m.s.MassUpdate] 1 organizations processed (0 items/sec)
2018.12.26 13:01:29 INFO  web[][DbMigrations] #2207 'Populate SUBSCRIPTION in ORGANIZATIONS': success | time=14ms
2018.12.26 13:01:29 INFO  web[][DbMigrations] #2208 'Add rules.security_standards'...
2018.12.26 13:01:29 INFO  web[][DbMigrations] #2208 'Add rules.security_standards': success | time=8ms
2018.12.26 13:01:29 INFO  web[][DbMigrations] #2209 'Fix missing quality profiles on organizations'...
2018.12.26 13:01:29 INFO  web[][DbMigrations] #2209 'Fix missing quality profiles on organizations': success | time=5ms
2018.12.26 13:01:29 INFO  web[][DbMigrations] #2210 'Add 'securityhotspotadmin' permission to templates characteristics already having 'issueadmin''...
2018.12.26 13:01:29 INFO  web[][o.s.s.p.d.m.s.MassUpdate] 0 permission templates characteristics processed (0 items/sec)
2018.12.26 13:01:29 INFO  web[][DbMigrations] #2210 'Add 'securityhotspotadmin' permission to templates characteristics already having 'issueadmin'': success | time=11ms
2018.12.26 13:01:29 INFO  web[][DbMigrations] #2211 'Set SUBSCRIPTION not nullable in ORGANIZATIONS'...
2018.12.26 13:01:29 INFO  web[][DbMigrations] #2211 'Set SUBSCRIPTION not nullable in ORGANIZATIONS': success | time=9ms
2018.12.26 13:01:29 INFO  web[][DbMigrations] #2212 'Add index on ORGANIZATION_MEMBERS'...
2018.12.26 13:01:29 INFO  web[][DbMigrations] #2212 'Add index on ORGANIZATION_MEMBERS': success | time=13ms
2018.12.26 13:01:29 INFO  web[][DbMigrations] #2213 'Create table to store project ALM bindings'...
2018.12.26 13:01:29 INFO  web[][DbMigrations] #2213 'Create table to store project ALM bindings': success | time=40ms
2018.12.26 13:01:29 INFO  web[][DbMigrations] #2300 'Populate null values of IS_EXTERNAL in RULES'...
2018.12.26 13:01:29 INFO  web[][o.s.s.p.d.m.s.MassUpdate] 0 rules processed (0 items/sec)
2018.12.26 13:01:29 INFO  web[][DbMigrations] #2300 'Populate null values of IS_EXTERNAL in RULES': success | time=9ms
2018.12.26 13:01:29 INFO  web[][DbMigrations] #2301 'Add IS_ADHOC column to RULES table'...
2018.12.26 13:01:29 INFO  web[][DbMigrations] #2301 'Add IS_ADHOC column to RULES table': success | time=6ms
2018.12.26 13:01:29 INFO  web[][DbMigrations] #2302 'Populate IS_AD_HOC in RULES'...
2018.12.26 13:01:29 INFO  web[][o.s.s.p.d.m.s.MassUpdate] 0 rules processed (0 items/sec)
2018.12.26 13:01:29 INFO  web[][DbMigrations] #2302 'Populate IS_AD_HOC in RULES': success | time=9ms
2018.12.26 13:01:29 INFO  web[][DbMigrations] #2303 'Set IS_EXTERNAL and IS_AD_HOC not nullable in RULES'...
2018.12.26 13:01:29 INFO  web[][DbMigrations] #2303 'Set IS_EXTERNAL and IS_AD_HOC not nullable in RULES': success | time=6ms
2018.12.26 13:01:29 INFO  web[][DbMigrations] #2304 'Add ad hoc related columns in RULES_METADATA'...
2018.12.26 13:01:29 INFO  web[][DbMigrations] #2304 'Add ad hoc related columns in RULES_METADATA': success | time=7ms
2018.12.26 13:01:29 INFO  web[][DbMigrations] #2312 'Add CE_QUEUE.MAIN_COMPONENT_UUID 1/3'...
2018.12.26 13:01:29 INFO  web[][DbMigrations] #2312 'Add CE_QUEUE.MAIN_COMPONENT_UUID 1/3': success | time=24ms
2018.12.26 13:01:29 INFO  web[][DbMigrations] #2313 'Add CE_ACTIVITY.MAIN_COMPONENT_UUID 1/3'...
2018.12.26 13:01:29 INFO  web[][DbMigrations] #2313 'Add CE_ACTIVITY.MAIN_COMPONENT_UUID 1/3': success | time=24ms
2018.12.26 13:01:29 INFO  web[][DbMigrations] #2314 'Populate CE_QUEUE.MAIN_COMPONENT_UUID 2/3'...
2018.12.26 13:01:29 INFO  web[][o.s.s.p.d.m.s.MassUpdate] 0 queued tasks of branches processed (0 items/sec)
2018.12.26 13:01:29 INFO  web[][o.s.s.p.d.m.s.MassUpdate] 0 queued tasks of PRs processed (0 items/sec)
2018.12.26 13:01:29 INFO  web[][o.s.s.p.d.m.s.MassUpdate] 0 queued tasks of never analyzed branches processed (0 items/sec)
2018.12.26 13:01:29 INFO  web[][o.s.s.p.d.m.s.MassUpdate] 0 queued tasks of never analyzed PRs processed (0 items/sec)
2018.12.26 13:01:29 INFO  web[][o.s.s.p.d.m.s.MassUpdate] 0 queued tasks of main and deprecated branches processed (0 items/sec)
2018.12.26 13:01:29 INFO  web[][DbMigrations] #2314 'Populate CE_QUEUE.MAIN_COMPONENT_UUID 2/3': success | time=34ms
2018.12.26 13:01:29 INFO  web[][DbMigrations] #2315 'Populate CE_ACTIVITY.MAIN_COMPONENT_UUID 2/3'...
2018.12.26 13:01:29 INFO  web[][o.s.s.p.d.m.s.MassUpdate] 0 Archived tasks of branches processed (0 items/sec)
2018.12.26 13:01:29 INFO  web[][o.s.s.p.d.m.s.MassUpdate] 0 Archived tasks of PRs processed (0 items/sec)
2018.12.26 13:01:29 INFO  web[][o.s.s.p.d.m.s.MassUpdate] 0 Archived tasks of main and deprecated branches processed (0 items/sec)
2018.12.26 13:01:29 INFO  web[][DbMigrations] #2315 'Populate CE_ACTIVITY.MAIN_COMPONENT_UUID 2/3': success | time=23ms
2018.12.26 13:01:29 INFO  web[][DbMigrations] #2316 'Add CE_ACTIVITY.MAIN_LAST_KEY 1/3'...
2018.12.26 13:01:29 INFO  web[][DbMigrations] #2316 'Add CE_ACTIVITY.MAIN_LAST_KEY 1/3': success | time=37ms
2018.12.26 13:01:29 INFO  web[][DbMigrations] #2317 'Populate CE_ACTIVITY.MAIN_LAST_KEY 2/3'...
2018.12.26 13:01:29 INFO  web[][o.s.s.p.d.m.s.MassUpdate] 0 rows of ce_activity processed (0 items/sec)
2018.12.26 13:01:29 INFO  web[][DbMigrations] #2317 'Populate CE_ACTIVITY.MAIN_LAST_KEY 2/3': success | time=13ms
2018.12.26 13:01:29 INFO  web[][DbMigrations] #2318 'Finalize CE_QUEUE.MAIN_COMPONENT_UUID 3/3'...
2018.12.26 13:01:29 INFO  web[][DbMigrations] #2318 'Finalize CE_QUEUE.MAIN_COMPONENT_UUID 3/3': success | time=41ms
2018.12.26 13:01:29 INFO  web[][DbMigrations] #2319 'Finalize CE_ACTIVITY.MAIN_COMPONENT_UUID 3/3'...
2018.12.26 13:01:29 INFO  web[][DbMigrations] #2319 'Finalize CE_ACTIVITY.MAIN_COMPONENT_UUID 3/3': success | time=27ms
2018.12.26 13:01:29 INFO  web[][DbMigrations] #2320 'Finalize CE_ACTIVITY.MAIN_LAST_KEY 3/3'...
2018.12.26 13:01:29 INFO  web[][DbMigrations] #2320 'Finalize CE_ACTIVITY.MAIN_LAST_KEY 3/3': success | time=57ms
2018.12.26 13:01:29 INFO  web[][DbMigrations] #2321 'Increase organization key and name length'...
2018.12.26 13:01:30 INFO  web[][DbMigrations] #2321 'Increase organization key and name length': success | time=13ms
2018.12.26 13:01:30 INFO  web[][DbMigrations] #2322 'Create table CE_TASK_MESSAGE'...
2018.12.26 13:01:30 INFO  web[][DbMigrations] #2322 'Create table CE_TASK_MESSAGE': success | time=34ms
2018.12.26 13:01:30 INFO  web[][DbMigrations] #2323 'Clean orphans from deleted branches and PRs in CE_* tables'...
2018.12.26 13:01:30 INFO  web[][o.s.s.p.d.m.s.MassUpdate] 0 orphans of deleted branch/pr processed (0 items/sec)
2018.12.26 13:01:30 INFO  web[][DbMigrations] #2323 'Clean orphans from deleted branches and PRs in CE_* tables': success | time=10ms
2018.12.26 13:01:30 INFO  web[][DbMigrations] #2324 'Create new creator permissions for applications and portfolios'...
2018.12.26 13:01:30 INFO  web[][o.s.s.p.d.m.v.v.CreateApplicationsAndPortfoliosCreatorPermissions] There is no default template for views. Skipping adding applications and portfolios creator permissions.
2018.12.26 13:01:30 INFO  web[][o.s.s.p.d.m.v.v.CreateApplicationsAndPortfoliosCreatorPermissions] Unable to find the default template [null] for views. Skipping adding applications and portfolios creator permissions.
2018.12.26 13:01:30 INFO  web[][DbMigrations] #2324 'Create new creator permissions for applications and portfolios': success | time=37ms
2018.12.26 13:01:30 INFO  web[][DbMigrations] #2325 'Add default templates for applications and portfolios'...
2018.12.26 13:01:30 INFO  web[][DbMigrations] #2325 'Add default templates for applications and portfolios': success | time=11ms
2018.12.26 13:01:30 INFO  web[][DbMigrations] #2326 'Create new creator permissions for applications and portfolios'...
2018.12.26 13:01:30 INFO  web[][o.s.s.p.d.m.v.v.CreateApplicationsAndPortfoliosCreatorPermissions] There is no default template for views. Skipping adding applications and portfolios creator permissions.
2018.12.26 13:01:30 INFO  web[][o.s.s.p.d.m.v.v.CreateApplicationsAndPortfoliosCreatorPermissions] Unable to find the default template [null] for views. Skipping adding applications and portfolios creator permissions.
2018.12.26 13:01:30 INFO  web[][DbMigrations] #2326 'Create new creator permissions for applications and portfolios': success | time=12ms
2018.12.26 13:01:30 INFO  web[][DbMigrations] #2327 'Populate default template permissions on organizations'...
2018.12.26 13:01:30 INFO  web[][o.s.s.p.d.m.s.MassUpdate] 0 organizations processed (0 items/sec)
2018.12.26 13:01:30 INFO  web[][DbMigrations] #2327 'Populate default template permissions on organizations': success | time=12ms
2018.12.26 13:01:30 INFO  web[][DbMigrations] #2328 'Add portfolio and application creator permissions on sonar-administrators group'...
2018.12.26 13:01:30 INFO  web[][DbMigrations] #2328 'Add portfolio and application creator permissions on sonar-administrators group': success | time=18ms
2018.12.26 13:01:30 INFO  web[][DbMigrations] #2329 'Drop column DEFAULT_PERM_TEMPLATE_VIEW on organizations'...
2018.12.26 13:01:30 INFO  web[][DbMigrations] #2329 'Drop column DEFAULT_PERM_TEMPLATE_VIEW on organizations': success | time=5ms
2018.12.26 13:01:30 INFO  web[][DbMigrations] Executed DB migrations: success | time=8507ms
2018.12.26 13:01:30 INFO  web[][o.s.s.p.Platform] Database has been automatically updated
2018.12.26 13:01:30 INFO  web[][o.s.s.p.w.MasterServletFilter] Initializing servlet filter org.sonar.server.ws.WebServiceFilter@7b5a1eb0 [pattern=UrlPattern{inclusions=[/api/system/migrate_db.*, ...], exclusions=[/api/properties*, ...]}]
2018.12.26 13:01:30 INFO  web[][o.s.s.a.EmbeddedTomcat] HTTP connector enabled on port 9000
2018.12.26 13:01:32 INFO  web[][o.s.s.p.UpdateCenterClient] Update center: https://update.sonarsource.org/update-center.properties (no proxy)
2018.12.26 13:01:34 INFO  web[][o.s.s.e.IndexCreator] Create index users
2018.12.26 13:01:35 INFO  web[][o.s.s.e.IndexCreator] Create type users/user
2018.12.26 13:01:35 INFO  web[][o.s.s.s.LogServerId] Server ID: D04A7364-AWfqmxHT7a0q2HjC_j9w
2018.12.26 13:01:36 WARN  web[][o.s.a.s.w.WebService$Action] The response example is not set on action api/plugins/download
2018.12.26 13:01:36 WARN  web[][o.s.a.s.w.WebService$Action] The response example is not set on action api/permissions/search_templates
2018.12.26 13:01:36 WARN  web[][o.s.a.s.w.WebService$Action] The response example is not set on action api/security_reports/show
2018.12.26 13:01:36 INFO  web[][o.s.s.t.TelemetryDaemon] Sharing of SonarQube statistics is enabled.
2018.12.26 13:01:36 INFO  web[][o.s.s.n.NotificationDaemon] Notification service started (delay 60 sec.)
2018.12.26 13:01:36 INFO  web[][o.s.s.s.GeneratePluginIndex] Generate scanner plugin index
2018.12.26 13:01:36 INFO  web[][o.s.s.s.RegisterPlugins] Register plugins
2018.12.26 13:01:36 INFO  web[][o.s.s.s.RegisterMetrics] Register metrics
2018.12.26 13:01:36 INFO  web[][o.s.s.q.RegisterQualityGates] Built-in quality gate's conditions of [Sonar way] has been updated
2018.12.26 13:01:36 INFO  web[][o.s.s.r.RegisterRules] Register rules
2018.12.26 13:01:36 INFO  web[][o.s.s.q.BuiltInQProfileRepositoryImpl] Load quality profiles
2018.12.26 13:01:36 INFO  web[][o.s.s.s.RegisterPermissionTemplates] Register permission templates
2018.12.26 13:01:36 INFO  web[][o.s.s.s.RenameDeprecatedPropertyKeys] Rename deprecated property keys
2018.12.26 13:01:36 INFO  web[][o.s.s.p.w.MasterServletFilter] Initializing servlet filter org.sonar.server.ws.WebServiceFilter@677bfd9e [pattern=UrlPattern{inclusions=[/api/issues/delete_comment.*, ...], exclusions=[/api/properties*, ...]}]
2018.12.26 13:01:36 INFO  web[][o.s.s.p.w.MasterServletFilter] Initializing servlet filter org.sonar.server.ws.DeprecatedPropertiesWsFilter@4306b30c [pattern=UrlPattern{inclusions=[/api/properties/*], exclusions=[]}]
2018.12.26 13:01:36 INFO  web[][o.s.s.p.w.MasterServletFilter] Initializing servlet filter org.sonar.server.ws.WebServiceReroutingFilter@eb4940d [pattern=UrlPattern{inclusions=[/api/components/bulk_update_key, ...], exclusions=[]}]
2018.12.26 13:01:36 INFO  web[][o.s.s.p.w.MasterServletFilter] Initializing servlet filter org.sonar.server.authentication.InitFilter@199a2298 [pattern=UrlPattern{inclusions=[/sessions/init/*], exclusions=[]}]
2018.12.26 13:01:36 INFO  web[][o.s.s.p.w.MasterServletFilter] Initializing servlet filter org.sonar.server.authentication.OAuth2CallbackFilter@161375fe [pattern=UrlPattern{inclusions=[/oauth2/callback/*], exclusions=[]}]
2018.12.26 13:01:36 INFO  web[][o.s.s.p.w.MasterServletFilter] Initializing servlet filter org.sonar.server.authentication.ws.LoginAction@4057eea8 [pattern=UrlPattern{inclusions=[/api/authentication/login], exclusions=[]}]
2018.12.26 13:01:36 INFO  web[][o.s.s.p.w.MasterServletFilter] Initializing servlet filter org.sonar.server.authentication.ws.LogoutAction@1dcfee86 [pattern=UrlPattern{inclusions=[/api/authentication/logout], exclusions=[]}]
2018.12.26 13:01:36 INFO  web[][o.s.s.p.w.MasterServletFilter] Initializing servlet filter org.sonar.server.authentication.ws.ValidateAction@66197ec2 [pattern=UrlPattern{inclusions=[/api/authentication/validate], exclusions=[]}]
2018.12.26 13:01:36 INFO  web[][o.s.s.e.IndexerStartupTask] Indexing of type [users/user] ...
2018.12.26 13:01:38 INFO  web[][o.s.s.e.IndexerStartupTask] Indexing of type [users/user] done | time=1872ms
2018.12.26 13:01:38 INFO  web[][o.s.s.p.p.PlatformLevelStartup] Running Community Edition
2018.12.26 13:01:38 INFO  web[][o.s.s.p.Platform] WebServer is operational
